{"/Users/savics/Codes/react-remita-payment/src/components/RemitaPayment.tsx": {"path":"/Users/savics/Codes/react-remita-payment/src/components/RemitaPayment.tsx","statementMap":{"0":{"start":{"line":1,"column":0},"end":{"line":1,"column":26}},"1":{"start":{"line":3,"column":0},"end":{"line":3,"column":61}},"2":{"start":{"line":4,"column":0},"end":{"line":4,"column":61}},"3":{"start":{"line":19,"column":52},"end":{"line":78,"column":1}},"4":{"start":{"line":20,"column":8},"end":{"line":20,"column":null}},"5":{"start":{"line":21,"column":13},"end":{"line":21,"column":null}},"6":{"start":{"line":22,"column":2},"end":{"line":22,"column":13}},"7":{"start":{"line":22,"column":13},"end":{"line":22,"column":null}},"8":{"start":{"line":23,"column":11},"end":{"line":23,"column":null}},"9":{"start":{"line":24,"column":9},"end":{"line":24,"column":null}},"10":{"start":{"line":25,"column":9},"end":{"line":25,"column":null}},"11":{"start":{"line":26,"column":2},"end":{"line":26,"column":10}},"12":{"start":{"line":26,"column":10},"end":{"line":26,"column":null}},"13":{"start":{"line":27,"column":2},"end":{"line":27,"column":11}},"14":{"start":{"line":27,"column":11},"end":{"line":27,"column":null}},"15":{"start":{"line":28,"column":10},"end":{"line":28,"column":null}},"16":{"start":{"line":30,"column":64},"end":{"line":36,"column":4}},"17":{"start":{"line":30,"column":25},"end":{"line":30,"column":27}},"18":{"start":{"line":30,"column":36},"end":{"line":30,"column":38}},"19":{"start":{"line":30,"column":43},"end":{"line":30,"column":45}},"20":{"start":{"line":30,"column":59},"end":{"line":30,"column":64}},"21":{"start":{"line":38,"column":24},"end":{"line":50,"column":4}},"22":{"start":{"line":39,"column":4},"end":{"line":41,"column":5}},"23":{"start":{"line":40,"column":6},"end":{"line":40,"column":13}},"24":{"start":{"line":44,"column":10},"end":{"line":47,"column":6}},"25":{"start":{"line":49,"column":4},"end":{"line":49,"column":42}},"26":{"start":{"line":52,"column":21},"end":{"line":56,"column":27}},"27":{"start":{"line":58,"column":27},"end":{"line":58,"column":78}},"28":{"start":{"line":60,"column":2},"end":{"line":77,"column":4}},"29":{"start":{"line":80,"column":0},"end":{"line":80,"column":29}}},"fnMap":{"0":{"name":"(anonymous_16)","decl":{"start":{"line":19,"column":52},"end":{"line":19,"column":53}},"loc":{"start":{"line":29,"column":1},"end":{"line":78,"column":1}}},"1":{"name":"(anonymous_17)","decl":{"start":{"line":38,"column":24},"end":{"line":38,"column":null}},"loc":{"start":{"line":38,"column":24},"end":{"line":50,"column":4}}}},"branchMap":{"0":{"loc":{"start":{"line":22,"column":13},"end":{"line":22,"column":null}},"type":"cond-expr","locations":[{"start":{"line":22,"column":16},"end":{"line":22,"column":22}},{"start":{"line":22,"column":22},"end":{"line":22,"column":null}}]},"1":{"loc":{"start":{"line":26,"column":10},"end":{"line":26,"column":null}},"type":"cond-expr","locations":[{"start":{"line":26,"column":13},"end":{"line":26,"column":18}},{"start":{"line":26,"column":18},"end":{"line":26,"column":null}}]},"2":{"loc":{"start":{"line":27,"column":11},"end":{"line":27,"column":null}},"type":"cond-expr","locations":[{"start":{"line":27,"column":14},"end":{"line":27,"column":16}},{"start":{"line":27,"column":16},"end":{"line":27,"column":null}}]},"3":{"loc":{"start":{"line":39,"column":4},"end":{"line":41,"column":5}},"type":"if","locations":[{"start":{"line":39,"column":4},"end":{"line":41,"column":5}}]},"4":{"loc":{"start":{"line":39,"column":8},"end":{"line":39,"column":48}},"type":"binary-expr","locations":[{"start":{"line":39,"column":8},"end":{"line":39,"column":16}},{"start":{"line":39,"column":20},"end":{"line":39,"column":29}},{"start":{"line":39,"column":33},"end":{"line":39,"column":48}}]},"5":{"loc":{"start":{"line":46,"column":21},"end":{"line":46,"column":74}},"type":"binary-expr","locations":[{"start":{"line":46,"column":21},"end":{"line":46,"column":46}},{"start":{"line":46,"column":50},"end":{"line":46,"column":74}}]},"6":{"loc":{"start":{"line":52,"column":21},"end":{"line":56,"column":27}},"type":"cond-expr","locations":[{"start":{"line":53,"column":6},"end":{"line":53,"column":21}},{"start":{"line":54,"column":6},"end":{"line":56,"column":27}}]},"7":{"loc":{"start":{"line":54,"column":6},"end":{"line":56,"column":27}},"type":"cond-expr","locations":[{"start":{"line":55,"column":6},"end":{"line":55,"column":18}},{"start":{"line":56,"column":6},"end":{"line":56,"column":27}}]},"8":{"loc":{"start":{"line":56,"column":6},"end":{"line":56,"column":27}},"type":"binary-expr","locations":[{"start":{"line":56,"column":6},"end":{"line":56,"column":14}},{"start":{"line":56,"column":18},"end":{"line":56,"column":27}}]},"9":{"loc":{"start":{"line":58,"column":27},"end":{"line":58,"column":78}},"type":"binary-expr","locations":[{"start":{"line":58,"column":27},"end":{"line":58,"column":35}},{"start":{"line":58,"column":39},"end":{"line":58,"column":48}},{"start":{"line":58,"column":52},"end":{"line":58,"column":67}},{"start":{"line":58,"column":71},"end":{"line":58,"column":78}}]},"10":{"loc":{"start":{"line":71,"column":7},"end":{"line":74,"column":null}},"type":"binary-expr","locations":[{"start":{"line":71,"column":7},"end":{"line":71,"column":12}},{"start":{"line":72,"column":8},"end":{"line":73,"column":null}}]}},"s":{"0":1,"1":1,"2":1,"3":1,"4":10,"5":10,"6":10,"7":10,"8":10,"9":10,"10":10,"11":10,"12":10,"13":10,"14":10,"15":10,"16":10,"17":10,"18":10,"19":10,"20":10,"21":12,"22":2,"23":0,"24":2,"25":4,"26":10,"27":10,"28":10,"29":1},"f":{"0":10,"1":4},"b":{"0":[10,0],"1":[8,2],"2":[9,1],"3":[0],"4":[2,2,2],"5":[2,1],"6":[1,9],"7":[1,8],"8":[8,7],"9":[10,8,7,6],"10":[10,1]}}
,"/Users/savics/Codes/react-remita-payment/src/hooks/useRemitaPayment.ts": {"path":"/Users/savics/Codes/react-remita-payment/src/hooks/useRemitaPayment.ts","statementMap":{"0":{"start":{"line":1,"column":0},"end":{"line":1,"column":65}},"1":{"start":{"line":13,"column":0},"end":{"line":13,"column":null}},"2":{"start":{"line":28,"column":20},"end":{"line":31,"column":2}},"3":{"start":{"line":41,"column":2},"end":{"line":48,"column":4}},"4":{"start":{"line":51,"column":32},"end":{"line":275,"column":1}},"5":{"start":{"line":61,"column":6},"end":{"line":61,"column":12}},"6":{"start":{"line":56,"column":15},"end":{"line":56,"column":null}},"7":{"start":{"line":63,"column":36},"end":{"line":63,"column":40}},"8":{"start":{"line":64,"column":2},"end":{"line":71,"column":3}},"9":{"start":{"line":65,"column":4},"end":{"line":65,"column":64}},"10":{"start":{"line":67,"column":23},"end":{"line":67,"column":51}},"11":{"start":{"line":68,"column":4},"end":{"line":70,"column":5}},"12":{"start":{"line":69,"column":6},"end":{"line":69,"column":70}},"13":{"start":{"line":72,"column":36},"end":{"line":72,"column":51}},"14":{"start":{"line":72,"column":18},"end":{"line":72,"column":20}},"15":{"start":{"line":72,"column":32},"end":{"line":72,"column":36}},"16":{"start":{"line":73,"column":28},"end":{"line":73,"column":65}},"17":{"start":{"line":73,"column":14},"end":{"line":73,"column":16}},"18":{"start":{"line":73,"column":24},"end":{"line":73,"column":28}},"19":{"start":{"line":74,"column":46},"end":{"line":74,"column":61}},"20":{"start":{"line":74,"column":23},"end":{"line":74,"column":25}},"21":{"start":{"line":74,"column":42},"end":{"line":74,"column":46}},"22":{"start":{"line":76,"column":23},"end":{"line":78,"column":3}},"23":{"start":{"line":77,"column":4},"end":{"line":77,"column":18}},"24":{"start":{"line":80,"column":2},"end":{"line":91,"column":27}},"25":{"start":{"line":81,"column":35},"end":{"line":81,"column":39}},"26":{"start":{"line":82,"column":4},"end":{"line":89,"column":5}},"27":{"start":{"line":83,"column":6},"end":{"line":83,"column":63}},"28":{"start":{"line":85,"column":25},"end":{"line":85,"column":53}},"29":{"start":{"line":86,"column":6},"end":{"line":88,"column":7}},"30":{"start":{"line":87,"column":8},"end":{"line":87,"column":69}},"31":{"start":{"line":90,"column":4},"end":{"line":90,"column":70}},"32":{"start":{"line":90,"column":46},"end":{"line":90,"column":70}},"33":{"start":{"line":93,"column":20},"end":{"line":93,"column":58}},"34":{"start":{"line":94,"column":23},"end":{"line":94,"column":43}},"35":{"start":{"line":96,"column":27},"end":{"line":138,"column":40}},"36":{"start":{"line":97,"column":4},"end":{"line":137,"column":7}},"37":{"start":{"line":98,"column":6},"end":{"line":101,"column":7}},"38":{"start":{"line":99,"column":8},"end":{"line":99,"column":18}},"39":{"start":{"line":100,"column":8},"end":{"line":100,"column":15}},"40":{"start":{"line":102,"column":6},"end":{"line":106,"column":7}},"41":{"start":{"line":103,"column":8},"end":{"line":103,"column":67}},"42":{"start":{"line":104,"column":8},"end":{"line":104,"column":72}},"43":{"start":{"line":105,"column":8},"end":{"line":105,"column":15}},"44":{"start":{"line":107,"column":29},"end":{"line":108,"column":null}},"45":{"start":{"line":110,"column":6},"end":{"line":120,"column":7}},"46":{"start":{"line":111,"column":8},"end":{"line":114,"column":11}},"47":{"start":{"line":112,"column":10},"end":{"line":112,"column":34}},"48":{"start":{"line":113,"column":10},"end":{"line":113,"column":20}},"49":{"start":{"line":115,"column":8},"end":{"line":118,"column":11}},"50":{"start":{"line":116,"column":10},"end":{"line":116,"column":63}},"51":{"start":{"line":117,"column":10},"end":{"line":117,"column":68}},"52":{"start":{"line":119,"column":8},"end":{"line":119,"column":15}},"53":{"start":{"line":121,"column":21},"end":{"line":121,"column":57}},"54":{"start":{"line":122,"column":6},"end":{"line":122,"column":44}},"55":{"start":{"line":123,"column":6},"end":{"line":123,"column":26}},"56":{"start":{"line":124,"column":6},"end":{"line":124,"column":26}},"57":{"start":{"line":125,"column":6},"end":{"line":129,"column":8}},"58":{"start":{"line":126,"column":8},"end":{"line":126,"column":32}},"59":{"start":{"line":127,"column":8},"end":{"line":127,"column":35}},"60":{"start":{"line":128,"column":8},"end":{"line":128,"column":18}},"61":{"start":{"line":130,"column":6},"end":{"line":133,"column":8}},"62":{"start":{"line":131,"column":8},"end":{"line":131,"column":61}},"63":{"start":{"line":132,"column":8},"end":{"line":132,"column":66}},"64":{"start":{"line":134,"column":6},"end":{"line":134,"column":54}},"65":{"start":{"line":135,"column":6},"end":{"line":135,"column":79}},"66":{"start":{"line":136,"column":6},"end":{"line":136,"column":44}},"67":{"start":{"line":140,"column":2},"end":{"line":146,"column":9}},"68":{"start":{"line":141,"column":4},"end":{"line":145,"column":6}},"69":{"start":{"line":142,"column":6},"end":{"line":144,"column":7}},"70":{"start":{"line":143,"column":8},"end":{"line":143,"column":68}},"71":{"start":{"line":148,"column":26},"end":{"line":233,"column":null}},"72":{"start":{"line":149,"column":38},"end":{"line":232,"column":null}},"73":{"start":{"line":150,"column":6},"end":{"line":153,"column":7}},"74":{"start":{"line":151,"column":8},"end":{"line":151,"column":67}},"75":{"start":{"line":152,"column":8},"end":{"line":152,"column":15}},"76":{"start":{"line":155,"column":8},"end":{"line":155,"column":27}},"77":{"start":{"line":156,"column":8},"end":{"line":156,"column":27}},"78":{"start":{"line":157,"column":8},"end":{"line":161,"column":9}},"79":{"start":{"line":158,"column":10},"end":{"line":160,"column":12}},"80":{"start":{"line":162,"column":14},"end":{"line":162,"column":66}},"81":{"start":{"line":163,"column":8},"end":{"line":165,"column":9}},"82":{"start":{"line":164,"column":10},"end":{"line":164,"column":78}},"83":{"start":{"line":166,"column":12},"end":{"line":166,"column":13}},"84":{"start":{"line":167,"column":10},"end":{"line":167,"column":35}},"85":{"start":{"line":169,"column":8},"end":{"line":171,"column":9}},"86":{"start":{"line":170,"column":10},"end":{"line":170,"column":65}},"87":{"start":{"line":172,"column":14},"end":{"line":218,"column":10}},"88":{"start":{"line":187,"column":12},"end":{"line":187,"column":32}},"89":{"start":{"line":188,"column":53},"end":{"line":200,"column":14}},"90":{"start":{"line":201,"column":12},"end":{"line":201,"column":39}},"91":{"start":{"line":204,"column":12},"end":{"line":204,"column":32}},"92":{"start":{"line":205,"column":49},"end":{"line":210,"column":14}},"93":{"start":{"line":211,"column":12},"end":{"line":211,"column":48}},"94":{"start":{"line":212,"column":12},"end":{"line":212,"column":35}},"95":{"start":{"line":215,"column":12},"end":{"line":215,"column":32}},"96":{"start":{"line":216,"column":12},"end":{"line":216,"column":22}},"97":{"start":{"line":220,"column":8},"end":{"line":220,"column":49}},"98":{"start":{"line":221,"column":8},"end":{"line":221,"column":48}},"99":{"start":{"line":223,"column":14},"end":{"line":224,"column":72}},"100":{"start":{"line":225,"column":8},"end":{"line":225,"column":35}},"101":{"start":{"line":226,"column":8},"end":{"line":226,"column":28}},"102":{"start":{"line":227,"column":8},"end":{"line":230,"column":11}},"103":{"start":{"line":236,"column":36},"end":{"line":266,"column":null}},"104":{"start":{"line":237,"column":38},"end":{"line":265,"column":null}},"105":{"start":{"line":238,"column":6},"end":{"line":245,"column":7}},"106":{"start":{"line":239,"column":8},"end":{"line":239,"column":67}},"107":{"start":{"line":240,"column":8},"end":{"line":243,"column":11}},"108":{"start":{"line":244,"column":8},"end":{"line":244,"column":33}},"109":{"start":{"line":246,"column":12},"end":{"line":246,"column":54}},"110":{"start":{"line":247,"column":6},"end":{"line":254,"column":7}},"111":{"start":{"line":248,"column":8},"end":{"line":248,"column":71}},"112":{"start":{"line":249,"column":8},"end":{"line":252,"column":11}},"113":{"start":{"line":253,"column":8},"end":{"line":253,"column":33}},"114":{"start":{"line":255,"column":12},"end":{"line":255,"column":64}},"115":{"start":{"line":256,"column":6},"end":{"line":263,"column":7}},"116":{"start":{"line":257,"column":8},"end":{"line":257,"column":73}},"117":{"start":{"line":258,"column":8},"end":{"line":261,"column":11}},"118":{"start":{"line":262,"column":8},"end":{"line":262,"column":33}},"119":{"start":{"line":264,"column":6},"end":{"line":264,"column":42}},"120":{"start":{"line":269,"column":2},"end":{"line":274,"column":4}},"121":{"start":{"line":51,"column":13},"end":{"line":51,"column":32}}},"fnMap":{"0":{"name":"hasRmPaymentEngine","decl":{"start":{"line":40,"column":9},"end":{"line":40,"column":27}},"loc":{"start":{"line":40,"column":40},"end":{"line":49,"column":1}}},"1":{"name":"(anonymous_14)","decl":{"start":{"line":51,"column":32},"end":{"line":51,"column":null}},"loc":{"start":{"line":52,"column":30},"end":{"line":275,"column":1}}},"2":{"name":"(anonymous_15)","decl":{"start":{"line":76,"column":23},"end":{"line":76,"column":24}},"loc":{"start":{"line":76,"column":42},"end":{"line":78,"column":3}}},"3":{"name":"(anonymous_16)","decl":{"start":{"line":80,"column":12},"end":{"line":80,"column":null}},"loc":{"start":{"line":80,"column":12},"end":{"line":91,"column":3}}},"4":{"name":"(anonymous_17)","decl":{"start":{"line":96,"column":39},"end":{"line":96,"column":null}},"loc":{"start":{"line":96,"column":39},"end":{"line":138,"column":3}}},"5":{"name":"(anonymous_18)","decl":{"start":{"line":97,"column":23},"end":{"line":97,"column":24}},"loc":{"start":{"line":97,"column":39},"end":{"line":137,"column":5}}},"6":{"name":"(anonymous_19)","decl":{"start":{"line":111,"column":48},"end":{"line":111,"column":null}},"loc":{"start":{"line":111,"column":48},"end":{"line":114,"column":9}}},"7":{"name":"(anonymous_20)","decl":{"start":{"line":115,"column":49},"end":{"line":115,"column":null}},"loc":{"start":{"line":115,"column":49},"end":{"line":118,"column":9}}},"8":{"name":"(anonymous_21)","decl":{"start":{"line":125,"column":22},"end":{"line":125,"column":null}},"loc":{"start":{"line":125,"column":22},"end":{"line":129,"column":7}}},"9":{"name":"(anonymous_22)","decl":{"start":{"line":130,"column":23},"end":{"line":130,"column":null}},"loc":{"start":{"line":130,"column":23},"end":{"line":133,"column":7}}},"10":{"name":"(anonymous_23)","decl":{"start":{"line":140,"column":12},"end":{"line":140,"column":null}},"loc":{"start":{"line":140,"column":12},"end":{"line":146,"column":3}}},"11":{"name":"(anonymous_24)","decl":{"start":{"line":141,"column":11},"end":{"line":141,"column":null}},"loc":{"start":{"line":141,"column":11},"end":{"line":145,"column":5}}},"12":{"name":"(anonymous_25)","decl":{"start":{"line":149,"column":4},"end":{"line":149,"column":11}},"loc":{"start":{"line":149,"column":38},"end":{"line":232,"column":null}}},"13":{"name":"(anonymous_26)","decl":{"start":{"line":149,"column":48},"end":{"line":149,"column":null}},"loc":{"start":{"line":149,"column":48},"end":{"line":232,"column":null}}},"14":{"name":"(anonymous_28)","decl":{"start":{"line":186,"column":21},"end":{"line":186,"column":22}},"loc":{"start":{"line":186,"column":55},"end":{"line":202,"column":11}}},"15":{"name":"(anonymous_29)","decl":{"start":{"line":203,"column":19},"end":{"line":203,"column":20}},"loc":{"start":{"line":203,"column":50},"end":{"line":213,"column":11}}},"16":{"name":"(anonymous_30)","decl":{"start":{"line":214,"column":19},"end":{"line":214,"column":null}},"loc":{"start":{"line":214,"column":19},"end":{"line":217,"column":11}}},"17":{"name":"(anonymous_31)","decl":{"start":{"line":237,"column":4},"end":{"line":237,"column":11}},"loc":{"start":{"line":237,"column":38},"end":{"line":265,"column":null}}},"18":{"name":"(anonymous_32)","decl":{"start":{"line":237,"column":48},"end":{"line":237,"column":null}},"loc":{"start":{"line":237,"column":48},"end":{"line":265,"column":null}}}},"branchMap":{"0":{"loc":{"start":{"line":42,"column":4},"end":{"line":47,"column":16}},"type":"binary-expr","locations":[{"start":{"line":42,"column":4},"end":{"line":42,"column":9}},{"start":{"line":43,"column":4},"end":{"line":43,"column":27}},{"start":{"line":44,"column":4},"end":{"line":44,"column":28}},{"start":{"line":45,"column":4},"end":{"line":45,"column":75}},{"start":{"line":46,"column":4},"end":{"line":47,"column":16}}]},"1":{"loc":{"start":{"line":45,"column":11},"end":{"line":45,"column":60}},"type":"cond-expr","locations":[{"start":{"line":45,"column":54},"end":{"line":45,"column":56}},{"start":{"line":45,"column":54},"end":{"line":45,"column":60}}]},"2":{"loc":{"start":{"line":45,"column":11},"end":{"line":45,"column":56}},"type":"binary-expr","locations":[{"start":{"line":45,"column":11},"end":{"line":45,"column":56}},{"start":{"line":45,"column":54},"end":{"line":45,"column":56}}]},"3":{"loc":{"start":{"line":46,"column":11},"end":{"line":46,"column":73}},"type":"cond-expr","locations":[{"start":{"line":46,"column":54},"end":{"line":46,"column":56}},{"start":{"line":46,"column":54},"end":{"line":46,"column":73}}]},"4":{"loc":{"start":{"line":46,"column":11},"end":{"line":46,"column":56}},"type":"binary-expr","locations":[{"start":{"line":46,"column":11},"end":{"line":46,"column":56}},{"start":{"line":46,"column":54},"end":{"line":46,"column":56}}]},"5":{"loc":{"start":{"line":56,"column":15},"end":{"line":56,"column":null}},"type":"cond-expr","locations":[{"start":{"line":56,"column":18},"end":{"line":56,"column":24}},{"start":{"line":56,"column":24},"end":{"line":56,"column":null}}]},"6":{"loc":{"start":{"line":64,"column":2},"end":{"line":71,"column":3}},"type":"if","locations":[{"start":{"line":64,"column":2},"end":{"line":71,"column":3}},{"start":{"line":66,"column":9},"end":{"line":71,"column":3}}]},"7":{"loc":{"start":{"line":68,"column":4},"end":{"line":70,"column":5}},"type":"if","locations":[{"start":{"line":68,"column":4},"end":{"line":70,"column":5}}]},"8":{"loc":{"start":{"line":82,"column":4},"end":{"line":89,"column":5}},"type":"if","locations":[{"start":{"line":82,"column":4},"end":{"line":89,"column":5}},{"start":{"line":84,"column":11},"end":{"line":89,"column":5}}]},"9":{"loc":{"start":{"line":86,"column":6},"end":{"line":88,"column":7}},"type":"if","locations":[{"start":{"line":86,"column":6},"end":{"line":88,"column":7}}]},"10":{"loc":{"start":{"line":90,"column":4},"end":{"line":90,"column":70}},"type":"if","locations":[{"start":{"line":90,"column":4},"end":{"line":90,"column":70}}]},"11":{"loc":{"start":{"line":90,"column":8},"end":{"line":90,"column":44}},"type":"binary-expr","locations":[{"start":{"line":90,"column":8},"end":{"line":90,"column":22}},{"start":{"line":90,"column":26},"end":{"line":90,"column":44}}]},"12":{"loc":{"start":{"line":98,"column":6},"end":{"line":101,"column":7}},"type":"if","locations":[{"start":{"line":98,"column":6},"end":{"line":101,"column":7}}]},"13":{"loc":{"start":{"line":98,"column":10},"end":{"line":98,"column":58}},"type":"binary-expr","locations":[{"start":{"line":98,"column":10},"end":{"line":98,"column":13}},{"start":{"line":98,"column":17},"end":{"line":98,"column":40}},{"start":{"line":98,"column":44},"end":{"line":98,"column":58}}]},"14":{"loc":{"start":{"line":102,"column":6},"end":{"line":106,"column":7}},"type":"if","locations":[{"start":{"line":102,"column":6},"end":{"line":106,"column":7}}]},"15":{"loc":{"start":{"line":110,"column":6},"end":{"line":120,"column":7}},"type":"if","locations":[{"start":{"line":110,"column":6},"end":{"line":120,"column":7}}]},"16":{"loc":{"start":{"line":142,"column":6},"end":{"line":144,"column":7}},"type":"if","locations":[{"start":{"line":142,"column":6},"end":{"line":144,"column":7}}]},"17":{"loc":{"start":{"line":142,"column":10},"end":{"line":142,"column":59}},"type":"binary-expr","locations":[{"start":{"line":142,"column":10},"end":{"line":142,"column":27}},{"start":{"line":142,"column":31},"end":{"line":142,"column":59}}]},"18":{"loc":{"start":{"line":150,"column":6},"end":{"line":153,"column":7}},"type":"if","locations":[{"start":{"line":150,"column":6},"end":{"line":153,"column":7}}]},"19":{"loc":{"start":{"line":157,"column":8},"end":{"line":161,"column":9}},"type":"if","locations":[{"start":{"line":157,"column":8},"end":{"line":161,"column":9}}]},"20":{"loc":{"start":{"line":163,"column":8},"end":{"line":165,"column":9}},"type":"if","locations":[{"start":{"line":163,"column":8},"end":{"line":165,"column":9}}]},"21":{"loc":{"start":{"line":166,"column":12},"end":{"line":166,"column":13}},"type":"if","locations":[{"start":{"line":166,"column":12},"end":{"line":166,"column":13}}]},"22":{"loc":{"start":{"line":169,"column":8},"end":{"line":171,"column":9}},"type":"if","locations":[{"start":{"line":169,"column":8},"end":{"line":171,"column":9}}]},"23":{"loc":{"start":{"line":169,"column":12},"end":{"line":169,"column":44}},"type":"binary-expr","locations":[{"start":{"line":169,"column":12},"end":{"line":169,"column":16}},{"start":{"line":169,"column":20},"end":{"line":169,"column":44}}]},"24":{"loc":{"start":{"line":175,"column":25},"end":{"line":175,"column":56}},"type":"cond-expr","locations":[{"start":{"line":175,"column":50},"end":{"line":175,"column":54}},{"start":{"line":175,"column":54},"end":{"line":175,"column":56}}]},"25":{"loc":{"start":{"line":175,"column":25},"end":{"line":175,"column":54}},"type":"binary-expr","locations":[{"start":{"line":175,"column":25},"end":{"line":175,"column":54}},{"start":{"line":175,"column":50},"end":{"line":175,"column":54}}]},"26":{"loc":{"start":{"line":177,"column":20},"end":{"line":177,"column":44}},"type":"binary-expr","locations":[{"start":{"line":177,"column":20},"end":{"line":177,"column":35}},{"start":{"line":177,"column":39},"end":{"line":177,"column":44}}]},"27":{"loc":{"start":{"line":182,"column":23},"end":{"line":182,"column":52}},"type":"cond-expr","locations":[{"start":{"line":182,"column":46},"end":{"line":182,"column":50}},{"start":{"line":182,"column":50},"end":{"line":182,"column":52}}]},"28":{"loc":{"start":{"line":182,"column":23},"end":{"line":182,"column":50}},"type":"binary-expr","locations":[{"start":{"line":182,"column":23},"end":{"line":182,"column":50}},{"start":{"line":182,"column":46},"end":{"line":182,"column":50}}]},"29":{"loc":{"start":{"line":184,"column":12},"end":{"line":185,"column":60}},"type":"binary-expr","locations":[{"start":{"line":184,"column":12},"end":{"line":184,"column":33}},{"start":{"line":185,"column":12},"end":{"line":185,"column":60}}]},"30":{"loc":{"start":{"line":185,"column":27},"end":{"line":185,"column":58}},"type":"cond-expr","locations":[{"start":{"line":185,"column":52},"end":{"line":185,"column":56}},{"start":{"line":185,"column":56},"end":{"line":185,"column":58}}]},"31":{"loc":{"start":{"line":185,"column":27},"end":{"line":185,"column":56}},"type":"binary-expr","locations":[{"start":{"line":185,"column":27},"end":{"line":185,"column":56}},{"start":{"line":185,"column":52},"end":{"line":185,"column":56}}]},"32":{"loc":{"start":{"line":190,"column":29},"end":{"line":190,"column":60}},"type":"cond-expr","locations":[{"start":{"line":190,"column":54},"end":{"line":190,"column":58}},{"start":{"line":190,"column":58},"end":{"line":190,"column":60}}]},"33":{"loc":{"start":{"line":190,"column":29},"end":{"line":190,"column":58}},"type":"binary-expr","locations":[{"start":{"line":190,"column":29},"end":{"line":190,"column":58}},{"start":{"line":190,"column":54},"end":{"line":190,"column":58}}]},"34":{"loc":{"start":{"line":192,"column":17},"end":{"line":193,"column":50}},"type":"binary-expr","locations":[{"start":{"line":192,"column":17},"end":{"line":192,"column":53}},{"start":{"line":193,"column":17},"end":{"line":193,"column":50}}]},"35":{"loc":{"start":{"line":194,"column":24},"end":{"line":194,"column":75}},"type":"binary-expr","locations":[{"start":{"line":194,"column":24},"end":{"line":194,"column":51}},{"start":{"line":194,"column":55},"end":{"line":194,"column":75}}]},"36":{"loc":{"start":{"line":196,"column":24},"end":{"line":196,"column":48}},"type":"binary-expr","locations":[{"start":{"line":196,"column":24},"end":{"line":196,"column":39}},{"start":{"line":196,"column":43},"end":{"line":196,"column":48}}]},"37":{"loc":{"start":{"line":207,"column":24},"end":{"line":207,"column":68}},"type":"binary-expr","locations":[{"start":{"line":207,"column":24},"end":{"line":207,"column":48}},{"start":{"line":207,"column":52},"end":{"line":207,"column":68}}]},"38":{"loc":{"start":{"line":224,"column":10},"end":{"line":224,"column":71}},"type":"cond-expr","locations":[{"start":{"line":224,"column":33},"end":{"line":224,"column":44}},{"start":{"line":224,"column":47},"end":{"line":224,"column":71}}]},"39":{"loc":{"start":{"line":238,"column":6},"end":{"line":245,"column":7}},"type":"if","locations":[{"start":{"line":238,"column":6},"end":{"line":245,"column":7}}]},"40":{"loc":{"start":{"line":247,"column":6},"end":{"line":254,"column":7}},"type":"if","locations":[{"start":{"line":247,"column":6},"end":{"line":254,"column":7}}]},"41":{"loc":{"start":{"line":256,"column":6},"end":{"line":263,"column":7}},"type":"if","locations":[{"start":{"line":256,"column":6},"end":{"line":263,"column":7}}]}},"s":{"0":2,"1":2,"2":2,"3":7,"4":2,"5":72,"6":12,"7":12,"8":12,"9":1,"10":11,"11":11,"12":1,"13":12,"14":12,"15":12,"16":12,"17":12,"18":12,"19":12,"20":12,"21":12,"22":12,"23":8,"24":12,"25":10,"26":10,"27":1,"28":9,"29":9,"30":1,"31":10,"32":0,"33":12,"34":12,"35":12,"36":4,"37":4,"38":0,"39":0,"40":4,"41":0,"42":0,"43":0,"44":4,"45":4,"46":3,"47":3,"48":3,"49":3,"50":0,"51":0,"52":3,"53":1,"54":1,"55":1,"56":1,"57":1,"58":0,"59":0,"60":0,"61":1,"62":1,"63":1,"64":1,"65":1,"66":1,"67":12,"68":7,"69":7,"70":0,"71":12,"72":4,"73":4,"74":0,"75":0,"76":4,"77":4,"78":4,"79":0,"80":4,"81":4,"82":0,"83":4,"84":8,"85":3,"86":0,"87":3,"88":1,"89":1,"90":1,"91":1,"92":1,"93":1,"94":1,"95":1,"96":1,"97":3,"98":3,"99":1,"100":1,"101":1,"102":1,"103":12,"104":5,"105":5,"106":0,"107":0,"108":0,"109":5,"110":5,"111":0,"112":0,"113":0,"114":5,"115":5,"116":1,"117":1,"118":1,"119":4,"120":12,"121":2},"f":{"0":7,"1":12,"2":8,"3":10,"4":4,"5":4,"6":3,"7":0,"8":0,"9":1,"10":7,"11":7,"12":4,"13":4,"14":1,"15":1,"16":1,"17":5,"18":5},"b":{"0":[7,7,7,7,6],"1":[1,6],"2":[7,7],"3":[0,6],"4":[6,6],"5":[12,0],"6":[1,11],"7":[1],"8":[1,9],"9":[1],"10":[0],"11":[10,5],"12":[0],"13":[4,4,3],"14":[0],"15":[3],"16":[0],"17":[7,0],"18":[0],"19":[0],"20":[0],"21":[0],"22":[0],"23":[3,3],"24":[3,0],"25":[3,3],"26":[3,0],"27":[0,3],"28":[3,3],"29":[3,3],"30":[3,0],"31":[3,3],"32":[1,0],"33":[1,1],"34":[1,0],"35":[1,0],"36":[1,0],"37":[1,0],"38":[1,0],"39":[0],"40":[0],"41":[1]}}
,"/Users/savics/Codes/react-remita-payment/src/utils/validation.ts": {"path":"/Users/savics/Codes/react-remita-payment/src/utils/validation.ts","statementMap":{"0":{"start":{"line":3,"column":29},"end":{"line":7,"column":1}},"1":{"start":{"line":5,"column":4},"end":{"line":5,"column":138}},"2":{"start":{"line":6,"column":2},"end":{"line":6,"column":32}},"3":{"start":{"line":3,"column":13},"end":{"line":3,"column":29}},"4":{"start":{"line":9,"column":35},"end":{"line":12,"column":1}},"5":{"start":{"line":10,"column":21},"end":{"line":10,"column":52}},"6":{"start":{"line":11,"column":2},"end":{"line":11,"column":58}},"7":{"start":{"line":9,"column":13},"end":{"line":9,"column":35}},"8":{"start":{"line":14,"column":30},"end":{"line":16,"column":1}},"9":{"start":{"line":15,"column":2},"end":{"line":15,"column":69}},"10":{"start":{"line":14,"column":13},"end":{"line":14,"column":30}},"11":{"start":{"line":18,"column":37},"end":{"line":21,"column":1}},"12":{"start":{"line":19,"column":29},"end":{"line":19,"column":52}},"13":{"start":{"line":20,"column":2},"end":{"line":20,"column":48}},"14":{"start":{"line":18,"column":13},"end":{"line":18,"column":37}},"15":{"start":{"line":23,"column":30},"end":{"line":29,"column":1}},"16":{"start":{"line":24,"column":2},"end":{"line":28,"column":12}},"17":{"start":{"line":23,"column":13},"end":{"line":23,"column":30}},"18":{"start":{"line":31,"column":38},"end":{"line":62,"column":1}},"19":{"start":{"line":34,"column":27},"end":{"line":34,"column":29}},"20":{"start":{"line":35,"column":2},"end":{"line":39,"column":3}},"21":{"start":{"line":36,"column":4},"end":{"line":38,"column":6}},"22":{"start":{"line":40,"column":2},"end":{"line":42,"column":3}},"23":{"start":{"line":41,"column":4},"end":{"line":41,"column":48}},"24":{"start":{"line":43,"column":2},"end":{"line":45,"column":3}},"25":{"start":{"line":44,"column":4},"end":{"line":44,"column":65}},"26":{"start":{"line":46,"column":2},"end":{"line":48,"column":3}},"27":{"start":{"line":47,"column":4},"end":{"line":47,"column":64}},"28":{"start":{"line":49,"column":2},"end":{"line":54,"column":3}},"29":{"start":{"line":53,"column":4},"end":{"line":53,"column":80}},"30":{"start":{"line":55,"column":2},"end":{"line":60,"column":3}},"31":{"start":{"line":59,"column":4},"end":{"line":59,"column":47}},"32":{"start":{"line":61,"column":2},"end":{"line":61,"column":16}},"33":{"start":{"line":31,"column":13},"end":{"line":31,"column":38}},"34":{"start":{"line":64,"column":36},"end":{"line":79,"column":1}},"35":{"start":{"line":65,"column":27},"end":{"line":65,"column":29}},"36":{"start":{"line":66,"column":2},"end":{"line":68,"column":3}},"37":{"start":{"line":67,"column":4},"end":{"line":67,"column":42}},"38":{"start":{"line":69,"column":2},"end":{"line":71,"column":3}},"39":{"start":{"line":70,"column":4},"end":{"line":70,"column":47}},"40":{"start":{"line":72,"column":2},"end":{"line":77,"column":3}},"41":{"start":{"line":76,"column":4},"end":{"line":76,"column":78}},"42":{"start":{"line":78,"column":2},"end":{"line":78,"column":16}},"43":{"start":{"line":64,"column":13},"end":{"line":64,"column":36}},"44":{"start":{"line":81,"column":38},"end":{"line":85,"column":1}},"45":{"start":{"line":81,"column":39},"end":{"line":81,"column":null}},"46":{"start":{"line":82,"column":20},"end":{"line":82,"column":43}},"47":{"start":{"line":83,"column":20},"end":{"line":83,"column":59}},"48":{"start":{"line":84,"column":2},"end":{"line":84,"column":61}},"49":{"start":{"line":81,"column":13},"end":{"line":81,"column":38}},"50":{"start":{"line":87,"column":35},"end":{"line":99,"column":1}},"51":{"start":{"line":88,"column":2},"end":{"line":90,"column":3}},"52":{"start":{"line":89,"column":4},"end":{"line":89,"column":17}},"53":{"start":{"line":92,"column":2},"end":{"line":97,"column":3}},"54":{"start":{"line":96,"column":4},"end":{"line":96,"column":75}},"55":{"start":{"line":98,"column":2},"end":{"line":98,"column":14}},"56":{"start":{"line":87,"column":13},"end":{"line":87,"column":35}},"57":{"start":{"line":101,"column":33},"end":{"line":118,"column":1}},"58":{"start":{"line":102,"column":2},"end":{"line":102,"column":51}},"59":{"start":{"line":102,"column":41},"end":{"line":102,"column":51}},"60":{"start":{"line":103,"column":14},"end":{"line":103,"column":57}},"61":{"start":{"line":104,"column":2},"end":{"line":107,"column":3}},"62":{"start":{"line":105,"column":32},"end":{"line":105,"column":55}},"63":{"start":{"line":105,"column":20},"end":{"line":105,"column":22}},"64":{"start":{"line":105,"column":28},"end":{"line":105,"column":32}},"65":{"start":{"line":106,"column":4},"end":{"line":106,"column":57}},"66":{"start":{"line":108,"column":2},"end":{"line":110,"column":3}},"67":{"start":{"line":109,"column":4},"end":{"line":109,"column":62}},"68":{"start":{"line":111,"column":2},"end":{"line":116,"column":3}},"69":{"start":{"line":112,"column":4},"end":{"line":115,"column":40}},"70":{"start":{"line":117,"column":2},"end":{"line":117,"column":16}},"71":{"start":{"line":101,"column":13},"end":{"line":101,"column":33}}},"fnMap":{"0":{"name":"(anonymous_2)","decl":{"start":{"line":3,"column":29},"end":{"line":3,"column":30}},"loc":{"start":{"line":3,"column":43},"end":{"line":7,"column":1}}},"1":{"name":"(anonymous_3)","decl":{"start":{"line":9,"column":35},"end":{"line":9,"column":36}},"loc":{"start":{"line":9,"column":55},"end":{"line":12,"column":1}}},"2":{"name":"(anonymous_4)","decl":{"start":{"line":14,"column":30},"end":{"line":14,"column":31}},"loc":{"start":{"line":14,"column":45},"end":{"line":16,"column":1}}},"3":{"name":"(anonymous_5)","decl":{"start":{"line":18,"column":37},"end":{"line":18,"column":38}},"loc":{"start":{"line":18,"column":59},"end":{"line":21,"column":1}}},"4":{"name":"(anonymous_6)","decl":{"start":{"line":23,"column":30},"end":{"line":23,"column":31}},"loc":{"start":{"line":23,"column":44},"end":{"line":29,"column":1}}},"5":{"name":"(anonymous_7)","decl":{"start":{"line":31,"column":38},"end":{"line":31,"column":null}},"loc":{"start":{"line":32,"column":29},"end":{"line":62,"column":1}}},"6":{"name":"(anonymous_8)","decl":{"start":{"line":64,"column":36},"end":{"line":64,"column":37}},"loc":{"start":{"line":64,"column":57},"end":{"line":79,"column":1}}},"7":{"name":"(anonymous_9)","decl":{"start":{"line":81,"column":38},"end":{"line":81,"column":39}},"loc":{"start":{"line":81,"column":61},"end":{"line":85,"column":1}}},"8":{"name":"(anonymous_10)","decl":{"start":{"line":87,"column":35},"end":{"line":87,"column":36}},"loc":{"start":{"line":87,"column":55},"end":{"line":99,"column":1}}},"9":{"name":"(anonymous_11)","decl":{"start":{"line":101,"column":33},"end":{"line":101,"column":34}},"loc":{"start":{"line":101,"column":47},"end":{"line":118,"column":1}}}},"branchMap":{"0":{"loc":{"start":{"line":15,"column":9},"end":{"line":15,"column":68}},"type":"binary-expr","locations":[{"start":{"line":15,"column":9},"end":{"line":15,"column":19}},{"start":{"line":15,"column":23},"end":{"line":15,"column":41}},{"start":{"line":15,"column":45},"end":{"line":15,"column":68}}]},"1":{"loc":{"start":{"line":35,"column":2},"end":{"line":39,"column":3}},"type":"if","locations":[{"start":{"line":35,"column":2},"end":{"line":39,"column":3}}]},"2":{"loc":{"start":{"line":35,"column":6},"end":{"line":35,"column":64}},"type":"binary-expr","locations":[{"start":{"line":35,"column":6},"end":{"line":35,"column":25}},{"start":{"line":35,"column":29},"end":{"line":35,"column":64}}]},"3":{"loc":{"start":{"line":40,"column":2},"end":{"line":42,"column":3}},"type":"if","locations":[{"start":{"line":40,"column":2},"end":{"line":42,"column":3}}]},"4":{"loc":{"start":{"line":40,"column":6},"end":{"line":40,"column":61}},"type":"binary-expr","locations":[{"start":{"line":40,"column":6},"end":{"line":40,"column":24}},{"start":{"line":40,"column":28},"end":{"line":40,"column":61}}]},"5":{"loc":{"start":{"line":43,"column":2},"end":{"line":45,"column":3}},"type":"if","locations":[{"start":{"line":43,"column":2},"end":{"line":45,"column":3}}]},"6":{"loc":{"start":{"line":43,"column":6},"end":{"line":43,"column":71}},"type":"binary-expr","locations":[{"start":{"line":43,"column":6},"end":{"line":43,"column":28}},{"start":{"line":43,"column":32},"end":{"line":43,"column":71}}]},"7":{"loc":{"start":{"line":46,"column":2},"end":{"line":48,"column":3}},"type":"if","locations":[{"start":{"line":46,"column":2},"end":{"line":48,"column":3}}]},"8":{"loc":{"start":{"line":46,"column":6},"end":{"line":46,"column":69}},"type":"binary-expr","locations":[{"start":{"line":46,"column":6},"end":{"line":46,"column":27}},{"start":{"line":46,"column":31},"end":{"line":46,"column":69}}]},"9":{"loc":{"start":{"line":49,"column":2},"end":{"line":54,"column":3}},"type":"if","locations":[{"start":{"line":49,"column":2},"end":{"line":54,"column":3}}]},"10":{"loc":{"start":{"line":50,"column":4},"end":{"line":51,"column":53}},"type":"binary-expr","locations":[{"start":{"line":50,"column":4},"end":{"line":50,"column":30}},{"start":{"line":51,"column":4},"end":{"line":51,"column":53}}]},"11":{"loc":{"start":{"line":55,"column":2},"end":{"line":60,"column":3}},"type":"if","locations":[{"start":{"line":55,"column":2},"end":{"line":60,"column":3}}]},"12":{"loc":{"start":{"line":56,"column":4},"end":{"line":57,"column":49}},"type":"binary-expr","locations":[{"start":{"line":56,"column":4},"end":{"line":56,"column":27}},{"start":{"line":57,"column":4},"end":{"line":57,"column":49}}]},"13":{"loc":{"start":{"line":66,"column":2},"end":{"line":68,"column":3}},"type":"if","locations":[{"start":{"line":66,"column":2},"end":{"line":68,"column":3}}]},"14":{"loc":{"start":{"line":66,"column":6},"end":{"line":66,"column":63}},"type":"binary-expr","locations":[{"start":{"line":66,"column":6},"end":{"line":66,"column":23}},{"start":{"line":66,"column":27},"end":{"line":66,"column":63}}]},"15":{"loc":{"start":{"line":69,"column":2},"end":{"line":71,"column":3}},"type":"if","locations":[{"start":{"line":69,"column":2},"end":{"line":71,"column":3}}]},"16":{"loc":{"start":{"line":69,"column":6},"end":{"line":69,"column":71}},"type":"binary-expr","locations":[{"start":{"line":69,"column":6},"end":{"line":69,"column":27}},{"start":{"line":69,"column":31},"end":{"line":69,"column":71}}]},"17":{"loc":{"start":{"line":72,"column":2},"end":{"line":77,"column":3}},"type":"if","locations":[{"start":{"line":72,"column":2},"end":{"line":77,"column":3}}]},"18":{"loc":{"start":{"line":73,"column":4},"end":{"line":74,"column":59}},"type":"binary-expr","locations":[{"start":{"line":73,"column":4},"end":{"line":73,"column":19}},{"start":{"line":74,"column":4},"end":{"line":74,"column":59}}]},"19":{"loc":{"start":{"line":81,"column":39},"end":{"line":81,"column":null}},"type":"if","locations":[{"start":{"line":81,"column":39},"end":{"line":81,"column":null}}]},"20":{"loc":{"start":{"line":88,"column":2},"end":{"line":90,"column":3}},"type":"if","locations":[{"start":{"line":88,"column":2},"end":{"line":90,"column":3}}]},"21":{"loc":{"start":{"line":92,"column":2},"end":{"line":97,"column":3}},"type":"if","locations":[{"start":{"line":92,"column":2},"end":{"line":97,"column":3}}]},"22":{"loc":{"start":{"line":93,"column":4},"end":{"line":94,"column":38}},"type":"binary-expr","locations":[{"start":{"line":93,"column":4},"end":{"line":93,"column":41}},{"start":{"line":94,"column":4},"end":{"line":94,"column":38}}]},"23":{"loc":{"start":{"line":102,"column":2},"end":{"line":102,"column":51}},"type":"if","locations":[{"start":{"line":102,"column":2},"end":{"line":102,"column":51}}]},"24":{"loc":{"start":{"line":102,"column":6},"end":{"line":102,"column":39}},"type":"binary-expr","locations":[{"start":{"line":102,"column":6},"end":{"line":102,"column":11}},{"start":{"line":102,"column":15},"end":{"line":102,"column":39}}]},"25":{"loc":{"start":{"line":104,"column":2},"end":{"line":107,"column":3}},"type":"if","locations":[{"start":{"line":104,"column":2},"end":{"line":107,"column":3}}]},"26":{"loc":{"start":{"line":108,"column":2},"end":{"line":110,"column":3}},"type":"if","locations":[{"start":{"line":108,"column":2},"end":{"line":110,"column":3}}]},"27":{"loc":{"start":{"line":111,"column":2},"end":{"line":116,"column":3}},"type":"if","locations":[{"start":{"line":111,"column":2},"end":{"line":116,"column":3}}]}},"s":{"0":4,"1":18,"2":18,"3":4,"4":4,"5":11,"6":11,"7":4,"8":4,"9":18,"10":4,"11":4,"12":18,"13":18,"14":4,"15":4,"16":4,"17":4,"18":4,"19":11,"20":11,"21":2,"22":11,"23":1,"24":11,"25":1,"26":11,"27":1,"28":11,"29":1,"30":11,"31":1,"32":11,"33":4,"34":4,"35":27,"36":27,"37":3,"38":27,"39":1,"40":27,"41":1,"42":27,"43":4,"44":4,"45":9,"46":6,"47":6,"48":6,"49":4,"50":4,"51":34,"52":3,"53":31,"54":1,"55":31,"56":4,"57":4,"58":10,"59":4,"60":6,"61":6,"62":2,"63":2,"64":2,"65":2,"66":6,"67":2,"68":6,"69":2,"70":6,"71":4},"f":{"0":18,"1":11,"2":18,"3":18,"4":4,"5":11,"6":27,"7":6,"8":34,"9":10},"b":{"0":[18,14,12],"1":[2],"2":[11,10],"3":[1],"4":[11,11],"5":[1],"6":[11,11],"7":[1],"8":[11,11],"9":[1],"10":[11,11],"11":[1],"12":[11,2],"13":[3],"14":[27,24],"15":[1],"16":[27,26],"17":[1],"18":[27,27],"19":[3],"20":[3],"21":[1],"22":[31,2],"23":[4],"24":[10,8],"25":[2],"26":[2],"27":[2]}}
}
