{"/Users/savics/Codes/react-remita-payment/src/components/RemitaPayment.tsx": {"path":"/Users/savics/Codes/react-remita-payment/src/components/RemitaPayment.tsx","statementMap":{"0":{"start":{"line":1,"column":0},"end":{"line":1,"column":26}},"1":{"start":{"line":3,"column":0},"end":{"line":3,"column":61}},"2":{"start":{"line":4,"column":0},"end":{"line":4,"column":61}},"3":{"start":{"line":19,"column":52},"end":{"line":78,"column":1}},"4":{"start":{"line":20,"column":8},"end":{"line":20,"column":null}},"5":{"start":{"line":21,"column":13},"end":{"line":21,"column":null}},"6":{"start":{"line":22,"column":2},"end":{"line":22,"column":13}},"7":{"start":{"line":22,"column":13},"end":{"line":22,"column":null}},"8":{"start":{"line":23,"column":11},"end":{"line":23,"column":null}},"9":{"start":{"line":24,"column":9},"end":{"line":24,"column":null}},"10":{"start":{"line":25,"column":9},"end":{"line":25,"column":null}},"11":{"start":{"line":26,"column":2},"end":{"line":26,"column":10}},"12":{"start":{"line":26,"column":10},"end":{"line":26,"column":null}},"13":{"start":{"line":27,"column":2},"end":{"line":27,"column":11}},"14":{"start":{"line":27,"column":11},"end":{"line":27,"column":null}},"15":{"start":{"line":28,"column":10},"end":{"line":28,"column":null}},"16":{"start":{"line":30,"column":64},"end":{"line":36,"column":4}},"17":{"start":{"line":30,"column":25},"end":{"line":30,"column":27}},"18":{"start":{"line":30,"column":36},"end":{"line":30,"column":38}},"19":{"start":{"line":30,"column":43},"end":{"line":30,"column":45}},"20":{"start":{"line":30,"column":59},"end":{"line":30,"column":64}},"21":{"start":{"line":38,"column":24},"end":{"line":50,"column":4}},"22":{"start":{"line":39,"column":4},"end":{"line":41,"column":5}},"23":{"start":{"line":40,"column":6},"end":{"line":40,"column":13}},"24":{"start":{"line":44,"column":10},"end":{"line":47,"column":6}},"25":{"start":{"line":49,"column":4},"end":{"line":49,"column":42}},"26":{"start":{"line":52,"column":21},"end":{"line":56,"column":27}},"27":{"start":{"line":58,"column":27},"end":{"line":58,"column":78}},"28":{"start":{"line":60,"column":2},"end":{"line":77,"column":4}},"29":{"start":{"line":80,"column":0},"end":{"line":80,"column":29}}},"fnMap":{"0":{"name":"(anonymous_16)","decl":{"start":{"line":19,"column":52},"end":{"line":19,"column":53}},"loc":{"start":{"line":29,"column":1},"end":{"line":78,"column":1}}},"1":{"name":"(anonymous_17)","decl":{"start":{"line":38,"column":24},"end":{"line":38,"column":null}},"loc":{"start":{"line":38,"column":24},"end":{"line":50,"column":4}}}},"branchMap":{"0":{"loc":{"start":{"line":22,"column":13},"end":{"line":22,"column":null}},"type":"cond-expr","locations":[{"start":{"line":22,"column":16},"end":{"line":22,"column":22}},{"start":{"line":22,"column":22},"end":{"line":22,"column":null}}]},"1":{"loc":{"start":{"line":26,"column":10},"end":{"line":26,"column":null}},"type":"cond-expr","locations":[{"start":{"line":26,"column":13},"end":{"line":26,"column":18}},{"start":{"line":26,"column":18},"end":{"line":26,"column":null}}]},"2":{"loc":{"start":{"line":27,"column":11},"end":{"line":27,"column":null}},"type":"cond-expr","locations":[{"start":{"line":27,"column":14},"end":{"line":27,"column":16}},{"start":{"line":27,"column":16},"end":{"line":27,"column":null}}]},"3":{"loc":{"start":{"line":39,"column":4},"end":{"line":41,"column":5}},"type":"if","locations":[{"start":{"line":39,"column":4},"end":{"line":41,"column":5}}]},"4":{"loc":{"start":{"line":39,"column":8},"end":{"line":39,"column":48}},"type":"binary-expr","locations":[{"start":{"line":39,"column":8},"end":{"line":39,"column":16}},{"start":{"line":39,"column":20},"end":{"line":39,"column":29}},{"start":{"line":39,"column":33},"end":{"line":39,"column":48}}]},"5":{"loc":{"start":{"line":46,"column":21},"end":{"line":46,"column":74}},"type":"binary-expr","locations":[{"start":{"line":46,"column":21},"end":{"line":46,"column":46}},{"start":{"line":46,"column":50},"end":{"line":46,"column":74}}]},"6":{"loc":{"start":{"line":52,"column":21},"end":{"line":56,"column":27}},"type":"cond-expr","locations":[{"start":{"line":53,"column":6},"end":{"line":53,"column":21}},{"start":{"line":54,"column":6},"end":{"line":56,"column":27}}]},"7":{"loc":{"start":{"line":54,"column":6},"end":{"line":56,"column":27}},"type":"cond-expr","locations":[{"start":{"line":55,"column":6},"end":{"line":55,"column":18}},{"start":{"line":56,"column":6},"end":{"line":56,"column":27}}]},"8":{"loc":{"start":{"line":56,"column":6},"end":{"line":56,"column":27}},"type":"binary-expr","locations":[{"start":{"line":56,"column":6},"end":{"line":56,"column":14}},{"start":{"line":56,"column":18},"end":{"line":56,"column":27}}]},"9":{"loc":{"start":{"line":58,"column":27},"end":{"line":58,"column":78}},"type":"binary-expr","locations":[{"start":{"line":58,"column":27},"end":{"line":58,"column":35}},{"start":{"line":58,"column":39},"end":{"line":58,"column":48}},{"start":{"line":58,"column":52},"end":{"line":58,"column":67}},{"start":{"line":58,"column":71},"end":{"line":58,"column":78}}]},"10":{"loc":{"start":{"line":71,"column":7},"end":{"line":74,"column":null}},"type":"binary-expr","locations":[{"start":{"line":71,"column":7},"end":{"line":71,"column":12}},{"start":{"line":72,"column":8},"end":{"line":73,"column":null}}]}},"s":{"0":1,"1":1,"2":1,"3":1,"4":10,"5":10,"6":10,"7":10,"8":10,"9":10,"10":10,"11":10,"12":10,"13":10,"14":10,"15":10,"16":10,"17":10,"18":10,"19":10,"20":10,"21":12,"22":2,"23":0,"24":2,"25":4,"26":10,"27":10,"28":10,"29":1},"f":{"0":10,"1":4},"b":{"0":[10,0],"1":[8,2],"2":[9,1],"3":[0],"4":[2,2,2],"5":[2,1],"6":[1,9],"7":[1,8],"8":[8,7],"9":[10,8,7,6],"10":[10,1]}}
,"/Users/savics/Codes/react-remita-payment/src/hooks/useRemitaPayment.ts": {"path":"/Users/savics/Codes/react-remita-payment/src/hooks/useRemitaPayment.ts","statementMap":{"0":{"start":{"line":1,"column":0},"end":{"line":1,"column":65}},"1":{"start":{"line":13,"column":0},"end":{"line":13,"column":null}},"2":{"start":{"line":29,"column":20},"end":{"line":32,"column":2}},"3":{"start":{"line":42,"column":2},"end":{"line":49,"column":4}},"4":{"start":{"line":52,"column":32},"end":{"line":318,"column":1}},"5":{"start":{"line":57,"column":2},"end":{"line":57,"column":61}},"6":{"start":{"line":65,"column":6},"end":{"line":65,"column":12}},"7":{"start":{"line":60,"column":15},"end":{"line":60,"column":null}},"8":{"start":{"line":68,"column":36},"end":{"line":68,"column":40}},"9":{"start":{"line":69,"column":2},"end":{"line":76,"column":3}},"10":{"start":{"line":70,"column":4},"end":{"line":70,"column":64}},"11":{"start":{"line":72,"column":23},"end":{"line":72,"column":51}},"12":{"start":{"line":73,"column":4},"end":{"line":75,"column":5}},"13":{"start":{"line":74,"column":6},"end":{"line":74,"column":70}},"14":{"start":{"line":79,"column":2},"end":{"line":79,"column":77}},"15":{"start":{"line":80,"column":36},"end":{"line":80,"column":51}},"16":{"start":{"line":80,"column":18},"end":{"line":80,"column":20}},"17":{"start":{"line":80,"column":32},"end":{"line":80,"column":36}},"18":{"start":{"line":81,"column":28},"end":{"line":81,"column":65}},"19":{"start":{"line":81,"column":14},"end":{"line":81,"column":16}},"20":{"start":{"line":81,"column":24},"end":{"line":81,"column":28}},"21":{"start":{"line":82,"column":46},"end":{"line":82,"column":61}},"22":{"start":{"line":82,"column":23},"end":{"line":82,"column":25}},"23":{"start":{"line":82,"column":42},"end":{"line":82,"column":46}},"24":{"start":{"line":85,"column":2},"end":{"line":92,"column":4}},"25":{"start":{"line":96,"column":2},"end":{"line":96,"column":79}},"26":{"start":{"line":99,"column":24},"end":{"line":103,"column":3}},"27":{"start":{"line":101,"column":4},"end":{"line":101,"column":60}},"28":{"start":{"line":102,"column":4},"end":{"line":102,"column":18}},"29":{"start":{"line":106,"column":2},"end":{"line":118,"column":20}},"30":{"start":{"line":107,"column":35},"end":{"line":107,"column":39}},"31":{"start":{"line":108,"column":4},"end":{"line":115,"column":5}},"32":{"start":{"line":109,"column":6},"end":{"line":109,"column":63}},"33":{"start":{"line":111,"column":25},"end":{"line":111,"column":53}},"34":{"start":{"line":112,"column":6},"end":{"line":114,"column":7}},"35":{"start":{"line":113,"column":8},"end":{"line":113,"column":69}},"36":{"start":{"line":117,"column":4},"end":{"line":117,"column":71}},"37":{"start":{"line":117,"column":46},"end":{"line":117,"column":71}},"38":{"start":{"line":120,"column":20},"end":{"line":120,"column":58}},"39":{"start":{"line":121,"column":23},"end":{"line":121,"column":43}},"40":{"start":{"line":124,"column":27},"end":{"line":166,"column":40}},"41":{"start":{"line":125,"column":4},"end":{"line":165,"column":7}},"42":{"start":{"line":126,"column":6},"end":{"line":129,"column":7}},"43":{"start":{"line":127,"column":8},"end":{"line":127,"column":18}},"44":{"start":{"line":128,"column":8},"end":{"line":128,"column":15}},"45":{"start":{"line":130,"column":6},"end":{"line":134,"column":7}},"46":{"start":{"line":131,"column":8},"end":{"line":131,"column":68}},"47":{"start":{"line":132,"column":8},"end":{"line":132,"column":72}},"48":{"start":{"line":133,"column":8},"end":{"line":133,"column":15}},"49":{"start":{"line":135,"column":29},"end":{"line":136,"column":null}},"50":{"start":{"line":138,"column":6},"end":{"line":148,"column":7}},"51":{"start":{"line":139,"column":8},"end":{"line":142,"column":11}},"52":{"start":{"line":140,"column":10},"end":{"line":140,"column":34}},"53":{"start":{"line":141,"column":10},"end":{"line":141,"column":20}},"54":{"start":{"line":143,"column":8},"end":{"line":146,"column":11}},"55":{"start":{"line":144,"column":10},"end":{"line":144,"column":64}},"56":{"start":{"line":145,"column":10},"end":{"line":145,"column":68}},"57":{"start":{"line":147,"column":8},"end":{"line":147,"column":15}},"58":{"start":{"line":149,"column":21},"end":{"line":149,"column":57}},"59":{"start":{"line":150,"column":6},"end":{"line":150,"column":44}},"60":{"start":{"line":151,"column":6},"end":{"line":151,"column":26}},"61":{"start":{"line":152,"column":6},"end":{"line":152,"column":26}},"62":{"start":{"line":153,"column":6},"end":{"line":157,"column":8}},"63":{"start":{"line":154,"column":8},"end":{"line":154,"column":32}},"64":{"start":{"line":155,"column":8},"end":{"line":155,"column":35}},"65":{"start":{"line":156,"column":8},"end":{"line":156,"column":18}},"66":{"start":{"line":158,"column":6},"end":{"line":161,"column":8}},"67":{"start":{"line":159,"column":8},"end":{"line":159,"column":62}},"68":{"start":{"line":160,"column":8},"end":{"line":160,"column":66}},"69":{"start":{"line":162,"column":6},"end":{"line":162,"column":54}},"70":{"start":{"line":163,"column":6},"end":{"line":163,"column":79}},"71":{"start":{"line":164,"column":6},"end":{"line":164,"column":44}},"72":{"start":{"line":169,"column":2},"end":{"line":175,"column":9}},"73":{"start":{"line":170,"column":4},"end":{"line":174,"column":6}},"74":{"start":{"line":171,"column":6},"end":{"line":173,"column":7}},"75":{"start":{"line":172,"column":8},"end":{"line":172,"column":68}},"76":{"start":{"line":178,"column":26},"end":{"line":274,"column":null}},"77":{"start":{"line":179,"column":38},"end":{"line":273,"column":null}},"78":{"start":{"line":180,"column":6},"end":{"line":183,"column":7}},"79":{"start":{"line":181,"column":8},"end":{"line":181,"column":68}},"80":{"start":{"line":182,"column":8},"end":{"line":182,"column":15}},"81":{"start":{"line":185,"column":8},"end":{"line":185,"column":27}},"82":{"start":{"line":186,"column":8},"end":{"line":186,"column":28}},"83":{"start":{"line":187,"column":8},"end":{"line":191,"column":9}},"84":{"start":{"line":188,"column":10},"end":{"line":190,"column":12}},"85":{"start":{"line":192,"column":14},"end":{"line":192,"column":66}},"86":{"start":{"line":193,"column":8},"end":{"line":195,"column":9}},"87":{"start":{"line":194,"column":10},"end":{"line":194,"column":78}},"88":{"start":{"line":196,"column":12},"end":{"line":196,"column":13}},"89":{"start":{"line":197,"column":10},"end":{"line":197,"column":35}},"90":{"start":{"line":199,"column":8},"end":{"line":201,"column":9}},"91":{"start":{"line":200,"column":10},"end":{"line":200,"column":65}},"92":{"start":{"line":203,"column":8},"end":{"line":206,"column":10}},"93":{"start":{"line":207,"column":14},"end":{"line":258,"column":10}},"94":{"start":{"line":223,"column":12},"end":{"line":223,"column":76}},"95":{"start":{"line":224,"column":12},"end":{"line":224,"column":32}},"96":{"start":{"line":225,"column":53},"end":{"line":237,"column":14}},"97":{"start":{"line":238,"column":12},"end":{"line":238,"column":39}},"98":{"start":{"line":242,"column":12},"end":{"line":242,"column":70}},"99":{"start":{"line":243,"column":12},"end":{"line":243,"column":32}},"100":{"start":{"line":244,"column":49},"end":{"line":249,"column":14}},"101":{"start":{"line":250,"column":12},"end":{"line":250,"column":49}},"102":{"start":{"line":251,"column":12},"end":{"line":251,"column":35}},"103":{"start":{"line":254,"column":12},"end":{"line":254,"column":49}},"104":{"start":{"line":255,"column":12},"end":{"line":255,"column":32}},"105":{"start":{"line":256,"column":12},"end":{"line":256,"column":22}},"106":{"start":{"line":260,"column":8},"end":{"line":260,"column":49}},"107":{"start":{"line":261,"column":8},"end":{"line":261,"column":48}},"108":{"start":{"line":263,"column":14},"end":{"line":264,"column":72}},"109":{"start":{"line":265,"column":8},"end":{"line":265,"column":65}},"110":{"start":{"line":266,"column":8},"end":{"line":266,"column":36}},"111":{"start":{"line":267,"column":8},"end":{"line":267,"column":28}},"112":{"start":{"line":268,"column":8},"end":{"line":271,"column":11}},"113":{"start":{"line":278,"column":36},"end":{"line":308,"column":null}},"114":{"start":{"line":279,"column":38},"end":{"line":307,"column":null}},"115":{"start":{"line":280,"column":6},"end":{"line":287,"column":7}},"116":{"start":{"line":281,"column":8},"end":{"line":281,"column":68}},"117":{"start":{"line":282,"column":8},"end":{"line":285,"column":11}},"118":{"start":{"line":286,"column":8},"end":{"line":286,"column":33}},"119":{"start":{"line":288,"column":12},"end":{"line":288,"column":54}},"120":{"start":{"line":289,"column":6},"end":{"line":296,"column":7}},"121":{"start":{"line":290,"column":8},"end":{"line":290,"column":72}},"122":{"start":{"line":291,"column":8},"end":{"line":294,"column":11}},"123":{"start":{"line":295,"column":8},"end":{"line":295,"column":33}},"124":{"start":{"line":297,"column":12},"end":{"line":297,"column":64}},"125":{"start":{"line":298,"column":6},"end":{"line":305,"column":7}},"126":{"start":{"line":299,"column":8},"end":{"line":299,"column":74}},"127":{"start":{"line":300,"column":8},"end":{"line":303,"column":11}},"128":{"start":{"line":304,"column":8},"end":{"line":304,"column":33}},"129":{"start":{"line":306,"column":6},"end":{"line":306,"column":42}},"130":{"start":{"line":312,"column":2},"end":{"line":317,"column":4}},"131":{"start":{"line":52,"column":13},"end":{"line":52,"column":32}}},"fnMap":{"0":{"name":"hasRmPaymentEngine","decl":{"start":{"line":41,"column":9},"end":{"line":41,"column":27}},"loc":{"start":{"line":41,"column":40},"end":{"line":50,"column":1}}},"1":{"name":"(anonymous_14)","decl":{"start":{"line":52,"column":32},"end":{"line":52,"column":null}},"loc":{"start":{"line":53,"column":30},"end":{"line":318,"column":1}}},"2":{"name":"(anonymous_15)","decl":{"start":{"line":99,"column":24},"end":{"line":99,"column":25}},"loc":{"start":{"line":99,"column":43},"end":{"line":103,"column":3}}},"3":{"name":"(anonymous_16)","decl":{"start":{"line":106,"column":12},"end":{"line":106,"column":null}},"loc":{"start":{"line":106,"column":12},"end":{"line":118,"column":3}}},"4":{"name":"(anonymous_17)","decl":{"start":{"line":124,"column":39},"end":{"line":124,"column":null}},"loc":{"start":{"line":124,"column":39},"end":{"line":166,"column":3}}},"5":{"name":"(anonymous_18)","decl":{"start":{"line":125,"column":23},"end":{"line":125,"column":24}},"loc":{"start":{"line":125,"column":39},"end":{"line":165,"column":5}}},"6":{"name":"(anonymous_19)","decl":{"start":{"line":139,"column":48},"end":{"line":139,"column":null}},"loc":{"start":{"line":139,"column":48},"end":{"line":142,"column":9}}},"7":{"name":"(anonymous_20)","decl":{"start":{"line":143,"column":49},"end":{"line":143,"column":null}},"loc":{"start":{"line":143,"column":49},"end":{"line":146,"column":9}}},"8":{"name":"(anonymous_21)","decl":{"start":{"line":153,"column":22},"end":{"line":153,"column":null}},"loc":{"start":{"line":153,"column":22},"end":{"line":157,"column":7}}},"9":{"name":"(anonymous_22)","decl":{"start":{"line":158,"column":23},"end":{"line":158,"column":null}},"loc":{"start":{"line":158,"column":23},"end":{"line":161,"column":7}}},"10":{"name":"(anonymous_23)","decl":{"start":{"line":169,"column":12},"end":{"line":169,"column":null}},"loc":{"start":{"line":169,"column":12},"end":{"line":175,"column":3}}},"11":{"name":"(anonymous_24)","decl":{"start":{"line":170,"column":11},"end":{"line":170,"column":null}},"loc":{"start":{"line":170,"column":11},"end":{"line":174,"column":5}}},"12":{"name":"(anonymous_25)","decl":{"start":{"line":179,"column":4},"end":{"line":179,"column":11}},"loc":{"start":{"line":179,"column":38},"end":{"line":273,"column":null}}},"13":{"name":"(anonymous_26)","decl":{"start":{"line":179,"column":48},"end":{"line":179,"column":null}},"loc":{"start":{"line":179,"column":48},"end":{"line":273,"column":null}}},"14":{"name":"(anonymous_28)","decl":{"start":{"line":221,"column":21},"end":{"line":221,"column":22}},"loc":{"start":{"line":221,"column":55},"end":{"line":239,"column":11}}},"15":{"name":"(anonymous_29)","decl":{"start":{"line":240,"column":19},"end":{"line":240,"column":20}},"loc":{"start":{"line":240,"column":50},"end":{"line":252,"column":11}}},"16":{"name":"(anonymous_30)","decl":{"start":{"line":253,"column":19},"end":{"line":253,"column":null}},"loc":{"start":{"line":253,"column":19},"end":{"line":257,"column":11}}},"17":{"name":"(anonymous_31)","decl":{"start":{"line":279,"column":4},"end":{"line":279,"column":11}},"loc":{"start":{"line":279,"column":38},"end":{"line":307,"column":null}}},"18":{"name":"(anonymous_32)","decl":{"start":{"line":279,"column":48},"end":{"line":279,"column":null}},"loc":{"start":{"line":279,"column":48},"end":{"line":307,"column":null}}}},"branchMap":{"0":{"loc":{"start":{"line":43,"column":4},"end":{"line":48,"column":16}},"type":"binary-expr","locations":[{"start":{"line":43,"column":4},"end":{"line":43,"column":9}},{"start":{"line":44,"column":4},"end":{"line":44,"column":27}},{"start":{"line":45,"column":4},"end":{"line":45,"column":28}},{"start":{"line":46,"column":4},"end":{"line":46,"column":75}},{"start":{"line":47,"column":4},"end":{"line":48,"column":16}}]},"1":{"loc":{"start":{"line":46,"column":11},"end":{"line":46,"column":60}},"type":"cond-expr","locations":[{"start":{"line":46,"column":54},"end":{"line":46,"column":56}},{"start":{"line":46,"column":54},"end":{"line":46,"column":60}}]},"2":{"loc":{"start":{"line":46,"column":11},"end":{"line":46,"column":56}},"type":"binary-expr","locations":[{"start":{"line":46,"column":11},"end":{"line":46,"column":56}},{"start":{"line":46,"column":54},"end":{"line":46,"column":56}}]},"3":{"loc":{"start":{"line":47,"column":11},"end":{"line":47,"column":73}},"type":"cond-expr","locations":[{"start":{"line":47,"column":54},"end":{"line":47,"column":56}},{"start":{"line":47,"column":54},"end":{"line":47,"column":73}}]},"4":{"loc":{"start":{"line":47,"column":11},"end":{"line":47,"column":56}},"type":"binary-expr","locations":[{"start":{"line":47,"column":11},"end":{"line":47,"column":56}},{"start":{"line":47,"column":54},"end":{"line":47,"column":56}}]},"5":{"loc":{"start":{"line":60,"column":15},"end":{"line":60,"column":null}},"type":"cond-expr","locations":[{"start":{"line":60,"column":18},"end":{"line":60,"column":24}},{"start":{"line":60,"column":24},"end":{"line":60,"column":null}}]},"6":{"loc":{"start":{"line":69,"column":2},"end":{"line":76,"column":3}},"type":"if","locations":[{"start":{"line":69,"column":2},"end":{"line":76,"column":3}},{"start":{"line":71,"column":9},"end":{"line":76,"column":3}}]},"7":{"loc":{"start":{"line":73,"column":4},"end":{"line":75,"column":5}},"type":"if","locations":[{"start":{"line":73,"column":4},"end":{"line":75,"column":5}}]},"8":{"loc":{"start":{"line":108,"column":4},"end":{"line":115,"column":5}},"type":"if","locations":[{"start":{"line":108,"column":4},"end":{"line":115,"column":5}},{"start":{"line":110,"column":11},"end":{"line":115,"column":5}}]},"9":{"loc":{"start":{"line":112,"column":6},"end":{"line":114,"column":7}},"type":"if","locations":[{"start":{"line":112,"column":6},"end":{"line":114,"column":7}}]},"10":{"loc":{"start":{"line":117,"column":4},"end":{"line":117,"column":71}},"type":"if","locations":[{"start":{"line":117,"column":4},"end":{"line":117,"column":71}}]},"11":{"loc":{"start":{"line":117,"column":8},"end":{"line":117,"column":44}},"type":"binary-expr","locations":[{"start":{"line":117,"column":8},"end":{"line":117,"column":22}},{"start":{"line":117,"column":26},"end":{"line":117,"column":44}}]},"12":{"loc":{"start":{"line":126,"column":6},"end":{"line":129,"column":7}},"type":"if","locations":[{"start":{"line":126,"column":6},"end":{"line":129,"column":7}}]},"13":{"loc":{"start":{"line":126,"column":10},"end":{"line":126,"column":58}},"type":"binary-expr","locations":[{"start":{"line":126,"column":10},"end":{"line":126,"column":13}},{"start":{"line":126,"column":17},"end":{"line":126,"column":40}},{"start":{"line":126,"column":44},"end":{"line":126,"column":58}}]},"14":{"loc":{"start":{"line":130,"column":6},"end":{"line":134,"column":7}},"type":"if","locations":[{"start":{"line":130,"column":6},"end":{"line":134,"column":7}}]},"15":{"loc":{"start":{"line":138,"column":6},"end":{"line":148,"column":7}},"type":"if","locations":[{"start":{"line":138,"column":6},"end":{"line":148,"column":7}}]},"16":{"loc":{"start":{"line":171,"column":6},"end":{"line":173,"column":7}},"type":"if","locations":[{"start":{"line":171,"column":6},"end":{"line":173,"column":7}}]},"17":{"loc":{"start":{"line":171,"column":10},"end":{"line":171,"column":59}},"type":"binary-expr","locations":[{"start":{"line":171,"column":10},"end":{"line":171,"column":27}},{"start":{"line":171,"column":31},"end":{"line":171,"column":59}}]},"18":{"loc":{"start":{"line":180,"column":6},"end":{"line":183,"column":7}},"type":"if","locations":[{"start":{"line":180,"column":6},"end":{"line":183,"column":7}}]},"19":{"loc":{"start":{"line":187,"column":8},"end":{"line":191,"column":9}},"type":"if","locations":[{"start":{"line":187,"column":8},"end":{"line":191,"column":9}}]},"20":{"loc":{"start":{"line":193,"column":8},"end":{"line":195,"column":9}},"type":"if","locations":[{"start":{"line":193,"column":8},"end":{"line":195,"column":9}}]},"21":{"loc":{"start":{"line":196,"column":12},"end":{"line":196,"column":13}},"type":"if","locations":[{"start":{"line":196,"column":12},"end":{"line":196,"column":13}}]},"22":{"loc":{"start":{"line":199,"column":8},"end":{"line":201,"column":9}},"type":"if","locations":[{"start":{"line":199,"column":8},"end":{"line":201,"column":9}}]},"23":{"loc":{"start":{"line":199,"column":12},"end":{"line":199,"column":44}},"type":"binary-expr","locations":[{"start":{"line":199,"column":12},"end":{"line":199,"column":16}},{"start":{"line":199,"column":20},"end":{"line":199,"column":44}}]},"24":{"loc":{"start":{"line":210,"column":25},"end":{"line":210,"column":56}},"type":"cond-expr","locations":[{"start":{"line":210,"column":50},"end":{"line":210,"column":54}},{"start":{"line":210,"column":54},"end":{"line":210,"column":56}}]},"25":{"loc":{"start":{"line":210,"column":25},"end":{"line":210,"column":54}},"type":"binary-expr","locations":[{"start":{"line":210,"column":25},"end":{"line":210,"column":54}},{"start":{"line":210,"column":50},"end":{"line":210,"column":54}}]},"26":{"loc":{"start":{"line":212,"column":20},"end":{"line":212,"column":44}},"type":"binary-expr","locations":[{"start":{"line":212,"column":20},"end":{"line":212,"column":35}},{"start":{"line":212,"column":39},"end":{"line":212,"column":44}}]},"27":{"loc":{"start":{"line":217,"column":23},"end":{"line":217,"column":52}},"type":"cond-expr","locations":[{"start":{"line":217,"column":46},"end":{"line":217,"column":50}},{"start":{"line":217,"column":50},"end":{"line":217,"column":52}}]},"28":{"loc":{"start":{"line":217,"column":23},"end":{"line":217,"column":50}},"type":"binary-expr","locations":[{"start":{"line":217,"column":23},"end":{"line":217,"column":50}},{"start":{"line":217,"column":46},"end":{"line":217,"column":50}}]},"29":{"loc":{"start":{"line":219,"column":12},"end":{"line":220,"column":60}},"type":"binary-expr","locations":[{"start":{"line":219,"column":12},"end":{"line":219,"column":33}},{"start":{"line":220,"column":12},"end":{"line":220,"column":60}}]},"30":{"loc":{"start":{"line":220,"column":27},"end":{"line":220,"column":58}},"type":"cond-expr","locations":[{"start":{"line":220,"column":52},"end":{"line":220,"column":56}},{"start":{"line":220,"column":56},"end":{"line":220,"column":58}}]},"31":{"loc":{"start":{"line":220,"column":27},"end":{"line":220,"column":56}},"type":"binary-expr","locations":[{"start":{"line":220,"column":27},"end":{"line":220,"column":56}},{"start":{"line":220,"column":52},"end":{"line":220,"column":56}}]},"32":{"loc":{"start":{"line":227,"column":29},"end":{"line":227,"column":60}},"type":"cond-expr","locations":[{"start":{"line":227,"column":54},"end":{"line":227,"column":58}},{"start":{"line":227,"column":58},"end":{"line":227,"column":60}}]},"33":{"loc":{"start":{"line":227,"column":29},"end":{"line":227,"column":58}},"type":"binary-expr","locations":[{"start":{"line":227,"column":29},"end":{"line":227,"column":58}},{"start":{"line":227,"column":54},"end":{"line":227,"column":58}}]},"34":{"loc":{"start":{"line":229,"column":17},"end":{"line":230,"column":50}},"type":"binary-expr","locations":[{"start":{"line":229,"column":17},"end":{"line":229,"column":53}},{"start":{"line":230,"column":17},"end":{"line":230,"column":50}}]},"35":{"loc":{"start":{"line":231,"column":24},"end":{"line":231,"column":75}},"type":"binary-expr","locations":[{"start":{"line":231,"column":24},"end":{"line":231,"column":51}},{"start":{"line":231,"column":55},"end":{"line":231,"column":75}}]},"36":{"loc":{"start":{"line":233,"column":24},"end":{"line":233,"column":48}},"type":"binary-expr","locations":[{"start":{"line":233,"column":24},"end":{"line":233,"column":39}},{"start":{"line":233,"column":43},"end":{"line":233,"column":48}}]},"37":{"loc":{"start":{"line":246,"column":24},"end":{"line":246,"column":68}},"type":"binary-expr","locations":[{"start":{"line":246,"column":24},"end":{"line":246,"column":48}},{"start":{"line":246,"column":52},"end":{"line":246,"column":68}}]},"38":{"loc":{"start":{"line":264,"column":10},"end":{"line":264,"column":71}},"type":"cond-expr","locations":[{"start":{"line":264,"column":33},"end":{"line":264,"column":44}},{"start":{"line":264,"column":47},"end":{"line":264,"column":71}}]},"39":{"loc":{"start":{"line":280,"column":6},"end":{"line":287,"column":7}},"type":"if","locations":[{"start":{"line":280,"column":6},"end":{"line":287,"column":7}}]},"40":{"loc":{"start":{"line":289,"column":6},"end":{"line":296,"column":7}},"type":"if","locations":[{"start":{"line":289,"column":6},"end":{"line":296,"column":7}}]},"41":{"loc":{"start":{"line":298,"column":6},"end":{"line":305,"column":7}},"type":"if","locations":[{"start":{"line":298,"column":6},"end":{"line":305,"column":7}}]}},"s":{"0":2,"1":2,"2":2,"3":7,"4":2,"5":12,"6":72,"7":12,"8":12,"9":12,"10":1,"11":11,"12":11,"13":1,"14":12,"15":12,"16":12,"17":12,"18":12,"19":12,"20":12,"21":12,"22":12,"23":12,"24":12,"25":12,"26":12,"27":8,"28":8,"29":12,"30":7,"31":7,"32":1,"33":6,"34":6,"35":1,"36":7,"37":0,"38":12,"39":12,"40":12,"41":4,"42":4,"43":0,"44":0,"45":4,"46":0,"47":0,"48":0,"49":4,"50":4,"51":3,"52":3,"53":3,"54":3,"55":0,"56":0,"57":3,"58":1,"59":1,"60":1,"61":1,"62":1,"63":0,"64":0,"65":0,"66":1,"67":1,"68":1,"69":1,"70":1,"71":1,"72":12,"73":7,"74":7,"75":0,"76":12,"77":4,"78":4,"79":0,"80":0,"81":4,"82":4,"83":4,"84":0,"85":4,"86":4,"87":0,"88":4,"89":8,"90":3,"91":0,"92":3,"93":3,"94":1,"95":1,"96":1,"97":1,"98":1,"99":1,"100":1,"101":1,"102":1,"103":1,"104":1,"105":1,"106":3,"107":3,"108":1,"109":1,"110":1,"111":1,"112":1,"113":12,"114":5,"115":5,"116":0,"117":0,"118":0,"119":5,"120":5,"121":0,"122":0,"123":0,"124":5,"125":5,"126":1,"127":1,"128":1,"129":4,"130":12,"131":2},"f":{"0":7,"1":12,"2":8,"3":7,"4":4,"5":4,"6":3,"7":0,"8":0,"9":1,"10":7,"11":7,"12":4,"13":4,"14":1,"15":1,"16":1,"17":5,"18":5},"b":{"0":[7,7,7,7,6],"1":[1,6],"2":[7,7],"3":[0,6],"4":[6,6],"5":[12,0],"6":[1,11],"7":[1],"8":[1,6],"9":[1],"10":[0],"11":[7,5],"12":[0],"13":[4,4,3],"14":[0],"15":[3],"16":[0],"17":[7,0],"18":[0],"19":[0],"20":[0],"21":[0],"22":[0],"23":[3,3],"24":[3,0],"25":[3,3],"26":[3,0],"27":[0,3],"28":[3,3],"29":[3,3],"30":[3,0],"31":[3,3],"32":[1,0],"33":[1,1],"34":[1,0],"35":[1,0],"36":[1,0],"37":[1,0],"38":[1,0],"39":[0],"40":[0],"41":[1]}}
,"/Users/savics/Codes/react-remita-payment/src/utils/validation.ts": {"path":"/Users/savics/Codes/react-remita-payment/src/utils/validation.ts","statementMap":{"0":{"start":{"line":3,"column":29},"end":{"line":7,"column":1}},"1":{"start":{"line":5,"column":4},"end":{"line":5,"column":138}},"2":{"start":{"line":6,"column":2},"end":{"line":6,"column":32}},"3":{"start":{"line":3,"column":13},"end":{"line":3,"column":29}},"4":{"start":{"line":9,"column":35},"end":{"line":12,"column":1}},"5":{"start":{"line":10,"column":21},"end":{"line":10,"column":52}},"6":{"start":{"line":11,"column":2},"end":{"line":11,"column":58}},"7":{"start":{"line":9,"column":13},"end":{"line":9,"column":35}},"8":{"start":{"line":14,"column":30},"end":{"line":16,"column":1}},"9":{"start":{"line":15,"column":2},"end":{"line":15,"column":69}},"10":{"start":{"line":14,"column":13},"end":{"line":14,"column":30}},"11":{"start":{"line":18,"column":37},"end":{"line":21,"column":1}},"12":{"start":{"line":19,"column":29},"end":{"line":19,"column":52}},"13":{"start":{"line":20,"column":2},"end":{"line":20,"column":48}},"14":{"start":{"line":18,"column":13},"end":{"line":18,"column":37}},"15":{"start":{"line":23,"column":30},"end":{"line":29,"column":1}},"16":{"start":{"line":24,"column":2},"end":{"line":28,"column":12}},"17":{"start":{"line":23,"column":13},"end":{"line":23,"column":30}},"18":{"start":{"line":31,"column":38},"end":{"line":62,"column":1}},"19":{"start":{"line":34,"column":27},"end":{"line":34,"column":29}},"20":{"start":{"line":35,"column":2},"end":{"line":39,"column":3}},"21":{"start":{"line":36,"column":4},"end":{"line":38,"column":6}},"22":{"start":{"line":40,"column":2},"end":{"line":42,"column":3}},"23":{"start":{"line":41,"column":4},"end":{"line":41,"column":48}},"24":{"start":{"line":43,"column":2},"end":{"line":45,"column":3}},"25":{"start":{"line":44,"column":4},"end":{"line":44,"column":65}},"26":{"start":{"line":46,"column":2},"end":{"line":48,"column":3}},"27":{"start":{"line":47,"column":4},"end":{"line":47,"column":64}},"28":{"start":{"line":49,"column":2},"end":{"line":54,"column":3}},"29":{"start":{"line":53,"column":4},"end":{"line":53,"column":80}},"30":{"start":{"line":55,"column":2},"end":{"line":60,"column":3}},"31":{"start":{"line":59,"column":4},"end":{"line":59,"column":47}},"32":{"start":{"line":61,"column":2},"end":{"line":61,"column":16}},"33":{"start":{"line":31,"column":13},"end":{"line":31,"column":38}},"34":{"start":{"line":64,"column":36},"end":{"line":79,"column":1}},"35":{"start":{"line":65,"column":27},"end":{"line":65,"column":29}},"36":{"start":{"line":66,"column":2},"end":{"line":68,"column":3}},"37":{"start":{"line":67,"column":4},"end":{"line":67,"column":42}},"38":{"start":{"line":69,"column":2},"end":{"line":71,"column":3}},"39":{"start":{"line":70,"column":4},"end":{"line":70,"column":47}},"40":{"start":{"line":72,"column":2},"end":{"line":77,"column":3}},"41":{"start":{"line":76,"column":4},"end":{"line":76,"column":78}},"42":{"start":{"line":78,"column":2},"end":{"line":78,"column":16}},"43":{"start":{"line":64,"column":13},"end":{"line":64,"column":36}},"44":{"start":{"line":81,"column":38},"end":{"line":85,"column":1}},"45":{"start":{"line":81,"column":39},"end":{"line":81,"column":null}},"46":{"start":{"line":82,"column":20},"end":{"line":82,"column":43}},"47":{"start":{"line":83,"column":20},"end":{"line":83,"column":59}},"48":{"start":{"line":84,"column":2},"end":{"line":84,"column":61}},"49":{"start":{"line":81,"column":13},"end":{"line":81,"column":38}},"50":{"start":{"line":87,"column":35},"end":{"line":99,"column":1}},"51":{"start":{"line":88,"column":2},"end":{"line":90,"column":3}},"52":{"start":{"line":89,"column":4},"end":{"line":89,"column":17}},"53":{"start":{"line":92,"column":2},"end":{"line":97,"column":3}},"54":{"start":{"line":96,"column":4},"end":{"line":96,"column":75}},"55":{"start":{"line":98,"column":2},"end":{"line":98,"column":14}},"56":{"start":{"line":87,"column":13},"end":{"line":87,"column":35}},"57":{"start":{"line":101,"column":33},"end":{"line":118,"column":1}},"58":{"start":{"line":102,"column":2},"end":{"line":102,"column":51}},"59":{"start":{"line":102,"column":41},"end":{"line":102,"column":51}},"60":{"start":{"line":103,"column":14},"end":{"line":103,"column":57}},"61":{"start":{"line":104,"column":2},"end":{"line":107,"column":3}},"62":{"start":{"line":105,"column":32},"end":{"line":105,"column":55}},"63":{"start":{"line":105,"column":20},"end":{"line":105,"column":22}},"64":{"start":{"line":105,"column":28},"end":{"line":105,"column":32}},"65":{"start":{"line":106,"column":4},"end":{"line":106,"column":57}},"66":{"start":{"line":108,"column":2},"end":{"line":110,"column":3}},"67":{"start":{"line":109,"column":4},"end":{"line":109,"column":62}},"68":{"start":{"line":111,"column":2},"end":{"line":116,"column":3}},"69":{"start":{"line":112,"column":4},"end":{"line":115,"column":40}},"70":{"start":{"line":117,"column":2},"end":{"line":117,"column":16}},"71":{"start":{"line":101,"column":13},"end":{"line":101,"column":33}}},"fnMap":{"0":{"name":"(anonymous_2)","decl":{"start":{"line":3,"column":29},"end":{"line":3,"column":30}},"loc":{"start":{"line":3,"column":43},"end":{"line":7,"column":1}}},"1":{"name":"(anonymous_3)","decl":{"start":{"line":9,"column":35},"end":{"line":9,"column":36}},"loc":{"start":{"line":9,"column":55},"end":{"line":12,"column":1}}},"2":{"name":"(anonymous_4)","decl":{"start":{"line":14,"column":30},"end":{"line":14,"column":31}},"loc":{"start":{"line":14,"column":45},"end":{"line":16,"column":1}}},"3":{"name":"(anonymous_5)","decl":{"start":{"line":18,"column":37},"end":{"line":18,"column":38}},"loc":{"start":{"line":18,"column":59},"end":{"line":21,"column":1}}},"4":{"name":"(anonymous_6)","decl":{"start":{"line":23,"column":30},"end":{"line":23,"column":31}},"loc":{"start":{"line":23,"column":44},"end":{"line":29,"column":1}}},"5":{"name":"(anonymous_7)","decl":{"start":{"line":31,"column":38},"end":{"line":31,"column":null}},"loc":{"start":{"line":32,"column":29},"end":{"line":62,"column":1}}},"6":{"name":"(anonymous_8)","decl":{"start":{"line":64,"column":36},"end":{"line":64,"column":37}},"loc":{"start":{"line":64,"column":57},"end":{"line":79,"column":1}}},"7":{"name":"(anonymous_9)","decl":{"start":{"line":81,"column":38},"end":{"line":81,"column":39}},"loc":{"start":{"line":81,"column":61},"end":{"line":85,"column":1}}},"8":{"name":"(anonymous_10)","decl":{"start":{"line":87,"column":35},"end":{"line":87,"column":36}},"loc":{"start":{"line":87,"column":55},"end":{"line":99,"column":1}}},"9":{"name":"(anonymous_11)","decl":{"start":{"line":101,"column":33},"end":{"line":101,"column":34}},"loc":{"start":{"line":101,"column":47},"end":{"line":118,"column":1}}}},"branchMap":{"0":{"loc":{"start":{"line":15,"column":9},"end":{"line":15,"column":68}},"type":"binary-expr","locations":[{"start":{"line":15,"column":9},"end":{"line":15,"column":19}},{"start":{"line":15,"column":23},"end":{"line":15,"column":41}},{"start":{"line":15,"column":45},"end":{"line":15,"column":68}}]},"1":{"loc":{"start":{"line":35,"column":2},"end":{"line":39,"column":3}},"type":"if","locations":[{"start":{"line":35,"column":2},"end":{"line":39,"column":3}}]},"2":{"loc":{"start":{"line":35,"column":6},"end":{"line":35,"column":64}},"type":"binary-expr","locations":[{"start":{"line":35,"column":6},"end":{"line":35,"column":25}},{"start":{"line":35,"column":29},"end":{"line":35,"column":64}}]},"3":{"loc":{"start":{"line":40,"column":2},"end":{"line":42,"column":3}},"type":"if","locations":[{"start":{"line":40,"column":2},"end":{"line":42,"column":3}}]},"4":{"loc":{"start":{"line":40,"column":6},"end":{"line":40,"column":61}},"type":"binary-expr","locations":[{"start":{"line":40,"column":6},"end":{"line":40,"column":24}},{"start":{"line":40,"column":28},"end":{"line":40,"column":61}}]},"5":{"loc":{"start":{"line":43,"column":2},"end":{"line":45,"column":3}},"type":"if","locations":[{"start":{"line":43,"column":2},"end":{"line":45,"column":3}}]},"6":{"loc":{"start":{"line":43,"column":6},"end":{"line":43,"column":71}},"type":"binary-expr","locations":[{"start":{"line":43,"column":6},"end":{"line":43,"column":28}},{"start":{"line":43,"column":32},"end":{"line":43,"column":71}}]},"7":{"loc":{"start":{"line":46,"column":2},"end":{"line":48,"column":3}},"type":"if","locations":[{"start":{"line":46,"column":2},"end":{"line":48,"column":3}}]},"8":{"loc":{"start":{"line":46,"column":6},"end":{"line":46,"column":69}},"type":"binary-expr","locations":[{"start":{"line":46,"column":6},"end":{"line":46,"column":27}},{"start":{"line":46,"column":31},"end":{"line":46,"column":69}}]},"9":{"loc":{"start":{"line":49,"column":2},"end":{"line":54,"column":3}},"type":"if","locations":[{"start":{"line":49,"column":2},"end":{"line":54,"column":3}}]},"10":{"loc":{"start":{"line":50,"column":4},"end":{"line":51,"column":53}},"type":"binary-expr","locations":[{"start":{"line":50,"column":4},"end":{"line":50,"column":30}},{"start":{"line":51,"column":4},"end":{"line":51,"column":53}}]},"11":{"loc":{"start":{"line":55,"column":2},"end":{"line":60,"column":3}},"type":"if","locations":[{"start":{"line":55,"column":2},"end":{"line":60,"column":3}}]},"12":{"loc":{"start":{"line":56,"column":4},"end":{"line":57,"column":49}},"type":"binary-expr","locations":[{"start":{"line":56,"column":4},"end":{"line":56,"column":27}},{"start":{"line":57,"column":4},"end":{"line":57,"column":49}}]},"13":{"loc":{"start":{"line":66,"column":2},"end":{"line":68,"column":3}},"type":"if","locations":[{"start":{"line":66,"column":2},"end":{"line":68,"column":3}}]},"14":{"loc":{"start":{"line":66,"column":6},"end":{"line":66,"column":63}},"type":"binary-expr","locations":[{"start":{"line":66,"column":6},"end":{"line":66,"column":23}},{"start":{"line":66,"column":27},"end":{"line":66,"column":63}}]},"15":{"loc":{"start":{"line":69,"column":2},"end":{"line":71,"column":3}},"type":"if","locations":[{"start":{"line":69,"column":2},"end":{"line":71,"column":3}}]},"16":{"loc":{"start":{"line":69,"column":6},"end":{"line":69,"column":71}},"type":"binary-expr","locations":[{"start":{"line":69,"column":6},"end":{"line":69,"column":27}},{"start":{"line":69,"column":31},"end":{"line":69,"column":71}}]},"17":{"loc":{"start":{"line":72,"column":2},"end":{"line":77,"column":3}},"type":"if","locations":[{"start":{"line":72,"column":2},"end":{"line":77,"column":3}}]},"18":{"loc":{"start":{"line":73,"column":4},"end":{"line":74,"column":59}},"type":"binary-expr","locations":[{"start":{"line":73,"column":4},"end":{"line":73,"column":19}},{"start":{"line":74,"column":4},"end":{"line":74,"column":59}}]},"19":{"loc":{"start":{"line":81,"column":39},"end":{"line":81,"column":null}},"type":"if","locations":[{"start":{"line":81,"column":39},"end":{"line":81,"column":null}}]},"20":{"loc":{"start":{"line":88,"column":2},"end":{"line":90,"column":3}},"type":"if","locations":[{"start":{"line":88,"column":2},"end":{"line":90,"column":3}}]},"21":{"loc":{"start":{"line":92,"column":2},"end":{"line":97,"column":3}},"type":"if","locations":[{"start":{"line":92,"column":2},"end":{"line":97,"column":3}}]},"22":{"loc":{"start":{"line":93,"column":4},"end":{"line":94,"column":38}},"type":"binary-expr","locations":[{"start":{"line":93,"column":4},"end":{"line":93,"column":41}},{"start":{"line":94,"column":4},"end":{"line":94,"column":38}}]},"23":{"loc":{"start":{"line":102,"column":2},"end":{"line":102,"column":51}},"type":"if","locations":[{"start":{"line":102,"column":2},"end":{"line":102,"column":51}}]},"24":{"loc":{"start":{"line":102,"column":6},"end":{"line":102,"column":39}},"type":"binary-expr","locations":[{"start":{"line":102,"column":6},"end":{"line":102,"column":11}},{"start":{"line":102,"column":15},"end":{"line":102,"column":39}}]},"25":{"loc":{"start":{"line":104,"column":2},"end":{"line":107,"column":3}},"type":"if","locations":[{"start":{"line":104,"column":2},"end":{"line":107,"column":3}}]},"26":{"loc":{"start":{"line":108,"column":2},"end":{"line":110,"column":3}},"type":"if","locations":[{"start":{"line":108,"column":2},"end":{"line":110,"column":3}}]},"27":{"loc":{"start":{"line":111,"column":2},"end":{"line":116,"column":3}},"type":"if","locations":[{"start":{"line":111,"column":2},"end":{"line":116,"column":3}}]}},"s":{"0":4,"1":18,"2":18,"3":4,"4":4,"5":11,"6":11,"7":4,"8":4,"9":18,"10":4,"11":4,"12":18,"13":18,"14":4,"15":4,"16":4,"17":4,"18":4,"19":11,"20":11,"21":2,"22":11,"23":1,"24":11,"25":1,"26":11,"27":1,"28":11,"29":1,"30":11,"31":1,"32":11,"33":4,"34":4,"35":24,"36":24,"37":3,"38":24,"39":1,"40":24,"41":1,"42":24,"43":4,"44":4,"45":9,"46":6,"47":6,"48":6,"49":4,"50":4,"51":31,"52":3,"53":28,"54":1,"55":28,"56":4,"57":4,"58":15,"59":4,"60":11,"61":11,"62":5,"63":5,"64":5,"65":5,"66":11,"67":2,"68":11,"69":2,"70":11,"71":4},"f":{"0":18,"1":11,"2":18,"3":18,"4":4,"5":11,"6":24,"7":6,"8":31,"9":15},"b":{"0":[18,14,12],"1":[2],"2":[11,10],"3":[1],"4":[11,11],"5":[1],"6":[11,11],"7":[1],"8":[11,11],"9":[1],"10":[11,11],"11":[1],"12":[11,2],"13":[3],"14":[24,21],"15":[1],"16":[24,23],"17":[1],"18":[24,24],"19":[3],"20":[3],"21":[1],"22":[28,2],"23":[4],"24":[15,13],"25":[5],"26":[2],"27":[2]}}
}
