TN:
SF:src/components/RemitaPayment.tsx
FN:19,(anonymous_16)
FN:38,(anonymous_17)
FNF:2
FNH:2
FNDA:10,(anonymous_16)
FNDA:4,(anonymous_17)
DA:1,1
DA:3,1
DA:4,1
DA:19,1
DA:20,10
DA:21,10
DA:22,10
DA:23,10
DA:24,10
DA:25,10
DA:26,10
DA:27,10
DA:28,10
DA:30,10
DA:38,12
DA:39,2
DA:40,0
DA:44,2
DA:49,4
DA:52,10
DA:58,10
DA:60,10
DA:80,1
LF:23
LH:22
BRDA:22,0,0,10
BRDA:22,0,1,0
BRDA:26,1,0,8
BRDA:26,1,1,2
BRDA:27,2,0,9
BRDA:27,2,1,1
BRDA:39,3,0,0
BRDA:39,4,0,2
BRDA:39,4,1,2
BRDA:39,4,2,2
BRDA:46,5,0,2
BRDA:46,5,1,1
BRDA:52,6,0,1
BRDA:52,6,1,9
BRDA:54,7,0,1
BRDA:54,7,1,8
BRDA:56,8,0,8
BRDA:56,8,1,7
BRDA:58,9,0,10
BRDA:58,9,1,8
BRDA:58,9,2,7
BRDA:58,9,3,6
BRDA:71,10,0,10
BRDA:71,10,1,1
BRF:24
BRH:22
end_of_record
TN:
SF:src/hooks/useRemitaPayment.ts
FN:40,hasRmPaymentEngine
FN:51,(anonymous_14)
FN:76,(anonymous_15)
FN:80,(anonymous_16)
FN:96,(anonymous_17)
FN:97,(anonymous_18)
FN:111,(anonymous_19)
FN:115,(anonymous_20)
FN:125,(anonymous_21)
FN:130,(anonymous_22)
FN:140,(anonymous_23)
FN:141,(anonymous_24)
FN:149,(anonymous_25)
FN:149,(anonymous_26)
FN:186,(anonymous_28)
FN:203,(anonymous_29)
FN:214,(anonymous_30)
FN:237,(anonymous_31)
FN:237,(anonymous_32)
FNF:19
FNH:17
FNDA:7,hasRmPaymentEngine
FNDA:12,(anonymous_14)
FNDA:8,(anonymous_15)
FNDA:10,(anonymous_16)
FNDA:4,(anonymous_17)
FNDA:4,(anonymous_18)
FNDA:3,(anonymous_19)
FNDA:0,(anonymous_20)
FNDA:0,(anonymous_21)
FNDA:1,(anonymous_22)
FNDA:7,(anonymous_23)
FNDA:7,(anonymous_24)
FNDA:4,(anonymous_25)
FNDA:4,(anonymous_26)
FNDA:1,(anonymous_28)
FNDA:1,(anonymous_29)
FNDA:1,(anonymous_30)
FNDA:5,(anonymous_31)
FNDA:5,(anonymous_32)
DA:1,2
DA:13,2
DA:28,2
DA:41,7
DA:51,2
DA:56,12
DA:61,72
DA:63,12
DA:64,12
DA:65,1
DA:67,11
DA:68,11
DA:69,1
DA:72,12
DA:73,12
DA:74,12
DA:76,12
DA:77,8
DA:80,12
DA:81,10
DA:82,10
DA:83,1
DA:85,9
DA:86,9
DA:87,1
DA:90,10
DA:93,12
DA:94,12
DA:96,12
DA:97,4
DA:98,4
DA:99,0
DA:100,0
DA:102,4
DA:103,0
DA:104,0
DA:105,0
DA:107,4
DA:110,4
DA:111,3
DA:112,3
DA:113,3
DA:115,3
DA:116,0
DA:117,0
DA:119,3
DA:121,1
DA:122,1
DA:123,1
DA:124,1
DA:125,1
DA:126,0
DA:127,0
DA:128,0
DA:130,1
DA:131,1
DA:132,1
DA:134,1
DA:135,1
DA:136,1
DA:140,12
DA:141,7
DA:142,7
DA:143,0
DA:148,12
DA:149,4
DA:150,4
DA:151,0
DA:152,0
DA:155,4
DA:156,4
DA:157,4
DA:158,0
DA:162,4
DA:163,4
DA:164,0
DA:166,4
DA:167,8
DA:169,3
DA:170,0
DA:172,3
DA:187,1
DA:188,1
DA:201,1
DA:204,1
DA:205,1
DA:211,1
DA:212,1
DA:215,1
DA:216,1
DA:220,3
DA:221,3
DA:223,1
DA:225,1
DA:226,1
DA:227,1
DA:236,12
DA:237,5
DA:238,5
DA:239,0
DA:240,0
DA:244,0
DA:246,5
DA:247,5
DA:248,0
DA:249,0
DA:253,0
DA:255,5
DA:256,5
DA:257,1
DA:258,1
DA:262,1
DA:264,4
DA:269,12
LF:114
LH:92
BRDA:42,0,0,7
BRDA:42,0,1,7
BRDA:42,0,2,7
BRDA:42,0,3,7
BRDA:42,0,4,6
BRDA:45,1,0,1
BRDA:45,1,1,6
BRDA:45,2,0,7
BRDA:45,2,1,7
BRDA:46,3,0,0
BRDA:46,3,1,6
BRDA:46,4,0,6
BRDA:46,4,1,6
BRDA:56,5,0,12
BRDA:56,5,1,0
BRDA:64,6,0,1
BRDA:64,6,1,11
BRDA:68,7,0,1
BRDA:82,8,0,1
BRDA:82,8,1,9
BRDA:86,9,0,1
BRDA:90,10,0,0
BRDA:90,11,0,10
BRDA:90,11,1,5
BRDA:98,12,0,0
BRDA:98,13,0,4
BRDA:98,13,1,4
BRDA:98,13,2,3
BRDA:102,14,0,0
BRDA:110,15,0,3
BRDA:142,16,0,0
BRDA:142,17,0,7
BRDA:142,17,1,0
BRDA:150,18,0,0
BRDA:157,19,0,0
BRDA:163,20,0,0
BRDA:166,21,0,0
BRDA:169,22,0,0
BRDA:169,23,0,3
BRDA:169,23,1,3
BRDA:175,24,0,3
BRDA:175,24,1,0
BRDA:175,25,0,3
BRDA:175,25,1,3
BRDA:177,26,0,3
BRDA:177,26,1,0
BRDA:182,27,0,0
BRDA:182,27,1,3
BRDA:182,28,0,3
BRDA:182,28,1,3
BRDA:184,29,0,3
BRDA:184,29,1,3
BRDA:185,30,0,3
BRDA:185,30,1,0
BRDA:185,31,0,3
BRDA:185,31,1,3
BRDA:190,32,0,1
BRDA:190,32,1,0
BRDA:190,33,0,1
BRDA:190,33,1,1
BRDA:192,34,0,1
BRDA:192,34,1,0
BRDA:194,35,0,1
BRDA:194,35,1,0
BRDA:196,36,0,1
BRDA:196,36,1,0
BRDA:207,37,0,1
BRDA:207,37,1,0
BRDA:224,38,0,1
BRDA:224,38,1,0
BRDA:238,39,0,0
BRDA:247,40,0,0
BRDA:256,41,0,1
BRF:73
BRH:49
end_of_record
TN:
SF:src/utils/validation.ts
FN:3,(anonymous_2)
FN:9,(anonymous_3)
FN:14,(anonymous_4)
FN:18,(anonymous_5)
FN:23,(anonymous_6)
FN:31,(anonymous_7)
FN:64,(anonymous_8)
FN:81,(anonymous_9)
FN:87,(anonymous_10)
FN:101,(anonymous_11)
FNF:10
FNH:10
FNDA:18,(anonymous_2)
FNDA:11,(anonymous_3)
FNDA:18,(anonymous_4)
FNDA:18,(anonymous_5)
FNDA:4,(anonymous_6)
FNDA:11,(anonymous_7)
FNDA:27,(anonymous_8)
FNDA:6,(anonymous_9)
FNDA:34,(anonymous_10)
FNDA:10,(anonymous_11)
DA:3,4
DA:5,18
DA:6,18
DA:9,4
DA:10,11
DA:11,11
DA:14,4
DA:15,18
DA:18,4
DA:19,18
DA:20,18
DA:23,4
DA:24,4
DA:31,4
DA:34,11
DA:35,11
DA:36,2
DA:40,11
DA:41,1
DA:43,11
DA:44,1
DA:46,11
DA:47,1
DA:49,11
DA:53,1
DA:55,11
DA:59,1
DA:61,11
DA:64,4
DA:65,27
DA:66,27
DA:67,3
DA:69,27
DA:70,1
DA:72,27
DA:76,1
DA:78,27
DA:81,9
DA:82,6
DA:83,6
DA:84,6
DA:87,4
DA:88,34
DA:89,3
DA:92,31
DA:96,1
DA:98,31
DA:101,4
DA:102,10
DA:103,6
DA:104,6
DA:105,2
DA:106,2
DA:108,6
DA:109,2
DA:111,6
DA:112,2
DA:117,6
LF:58
LH:58
BRDA:15,0,0,18
BRDA:15,0,1,14
BRDA:15,0,2,12
BRDA:35,1,0,2
BRDA:35,2,0,11
BRDA:35,2,1,10
BRDA:40,3,0,1
BRDA:40,4,0,11
BRDA:40,4,1,11
BRDA:43,5,0,1
BRDA:43,6,0,11
BRDA:43,6,1,11
BRDA:46,7,0,1
BRDA:46,8,0,11
BRDA:46,8,1,11
BRDA:49,9,0,1
BRDA:50,10,0,11
BRDA:50,10,1,11
BRDA:55,11,0,1
BRDA:56,12,0,11
BRDA:56,12,1,2
BRDA:66,13,0,3
BRDA:66,14,0,27
BRDA:66,14,1,24
BRDA:69,15,0,1
BRDA:69,16,0,27
BRDA:69,16,1,26
BRDA:72,17,0,1
BRDA:73,18,0,27
BRDA:73,18,1,27
BRDA:81,19,0,3
BRDA:88,20,0,3
BRDA:92,21,0,1
BRDA:93,22,0,31
BRDA:93,22,1,2
BRDA:102,23,0,4
BRDA:102,24,0,10
BRDA:102,24,1,8
BRDA:104,25,0,2
BRDA:108,26,0,2
BRDA:111,27,0,2
BRF:41
BRH:41
end_of_record
