TN:
SF:src/components/RemitaPayment.tsx
FN:19,(anonymous_16)
FN:38,(anonymous_17)
FNF:2
FNH:2
FNDA:10,(anonymous_16)
FNDA:4,(anonymous_17)
DA:1,1
DA:3,1
DA:4,1
DA:19,1
DA:20,10
DA:21,10
DA:22,10
DA:23,10
DA:24,10
DA:25,10
DA:26,10
DA:27,10
DA:28,10
DA:30,10
DA:38,12
DA:39,2
DA:40,0
DA:44,2
DA:49,4
DA:52,10
DA:58,10
DA:60,10
DA:80,1
LF:23
LH:22
BRDA:22,0,0,10
BRDA:22,0,1,0
BRDA:26,1,0,8
BRDA:26,1,1,2
BRDA:27,2,0,9
BRDA:27,2,1,1
BRDA:39,3,0,0
BRDA:39,4,0,2
BRDA:39,4,1,2
BRDA:39,4,2,2
BRDA:46,5,0,2
BRDA:46,5,1,1
BRDA:52,6,0,1
BRDA:52,6,1,9
BRDA:54,7,0,1
BRDA:54,7,1,8
BRDA:56,8,0,8
BRDA:56,8,1,7
BRDA:58,9,0,10
BRDA:58,9,1,8
BRDA:58,9,2,7
BRDA:58,9,3,6
BRDA:71,10,0,10
BRDA:71,10,1,1
BRF:24
BRH:22
end_of_record
TN:
SF:src/hooks/useRemitaPayment.ts
FN:41,hasRmPaymentEngine
FN:52,(anonymous_14)
FN:99,(anonymous_15)
FN:106,(anonymous_16)
FN:124,(anonymous_17)
FN:125,(anonymous_18)
FN:139,(anonymous_19)
FN:143,(anonymous_20)
FN:153,(anonymous_21)
FN:158,(anonymous_22)
FN:169,(anonymous_23)
FN:170,(anonymous_24)
FN:179,(anonymous_25)
FN:179,(anonymous_26)
FN:221,(anonymous_28)
FN:240,(anonymous_29)
FN:253,(anonymous_30)
FN:279,(anonymous_31)
FN:279,(anonymous_32)
FNF:19
FNH:17
FNDA:7,hasRmPaymentEngine
FNDA:12,(anonymous_14)
FNDA:8,(anonymous_15)
FNDA:7,(anonymous_16)
FNDA:4,(anonymous_17)
FNDA:4,(anonymous_18)
FNDA:3,(anonymous_19)
FNDA:0,(anonymous_20)
FNDA:0,(anonymous_21)
FNDA:1,(anonymous_22)
FNDA:7,(anonymous_23)
FNDA:7,(anonymous_24)
FNDA:4,(anonymous_25)
FNDA:4,(anonymous_26)
FNDA:1,(anonymous_28)
FNDA:1,(anonymous_29)
FNDA:1,(anonymous_30)
FNDA:5,(anonymous_31)
FNDA:5,(anonymous_32)
DA:1,2
DA:13,2
DA:29,2
DA:42,7
DA:52,2
DA:57,12
DA:60,12
DA:65,72
DA:68,12
DA:69,12
DA:70,1
DA:72,11
DA:73,11
DA:74,1
DA:79,12
DA:80,12
DA:81,12
DA:82,12
DA:85,12
DA:96,12
DA:99,12
DA:101,8
DA:102,8
DA:106,12
DA:107,7
DA:108,7
DA:109,1
DA:111,6
DA:112,6
DA:113,1
DA:117,7
DA:120,12
DA:121,12
DA:124,12
DA:125,4
DA:126,4
DA:127,0
DA:128,0
DA:130,4
DA:131,0
DA:132,0
DA:133,0
DA:135,4
DA:138,4
DA:139,3
DA:140,3
DA:141,3
DA:143,3
DA:144,0
DA:145,0
DA:147,3
DA:149,1
DA:150,1
DA:151,1
DA:152,1
DA:153,1
DA:154,0
DA:155,0
DA:156,0
DA:158,1
DA:159,1
DA:160,1
DA:162,1
DA:163,1
DA:164,1
DA:169,12
DA:170,7
DA:171,7
DA:172,0
DA:178,12
DA:179,4
DA:180,4
DA:181,0
DA:182,0
DA:185,4
DA:186,4
DA:187,4
DA:188,0
DA:192,4
DA:193,4
DA:194,0
DA:196,4
DA:197,8
DA:199,3
DA:200,0
DA:203,3
DA:207,3
DA:223,1
DA:224,1
DA:225,1
DA:238,1
DA:242,1
DA:243,1
DA:244,1
DA:250,1
DA:251,1
DA:254,1
DA:255,1
DA:256,1
DA:260,3
DA:261,3
DA:263,1
DA:265,1
DA:266,1
DA:267,1
DA:268,1
DA:278,12
DA:279,5
DA:280,5
DA:281,0
DA:282,0
DA:286,0
DA:288,5
DA:289,5
DA:290,0
DA:291,0
DA:295,0
DA:297,5
DA:298,5
DA:299,1
DA:300,1
DA:304,1
DA:306,4
DA:312,12
LF:124
LH:102
BRDA:43,0,0,7
BRDA:43,0,1,7
BRDA:43,0,2,7
BRDA:43,0,3,7
BRDA:43,0,4,6
BRDA:46,1,0,1
BRDA:46,1,1,6
BRDA:46,2,0,7
BRDA:46,2,1,7
BRDA:47,3,0,0
BRDA:47,3,1,6
BRDA:47,4,0,6
BRDA:47,4,1,6
BRDA:60,5,0,12
BRDA:60,5,1,0
BRDA:69,6,0,1
BRDA:69,6,1,11
BRDA:73,7,0,1
BRDA:108,8,0,1
BRDA:108,8,1,6
BRDA:112,9,0,1
BRDA:117,10,0,0
BRDA:117,11,0,7
BRDA:117,11,1,5
BRDA:126,12,0,0
BRDA:126,13,0,4
BRDA:126,13,1,4
BRDA:126,13,2,3
BRDA:130,14,0,0
BRDA:138,15,0,3
BRDA:171,16,0,0
BRDA:171,17,0,7
BRDA:171,17,1,0
BRDA:180,18,0,0
BRDA:187,19,0,0
BRDA:193,20,0,0
BRDA:196,21,0,0
BRDA:199,22,0,0
BRDA:199,23,0,3
BRDA:199,23,1,3
BRDA:210,24,0,3
BRDA:210,24,1,0
BRDA:210,25,0,3
BRDA:210,25,1,3
BRDA:212,26,0,3
BRDA:212,26,1,0
BRDA:217,27,0,0
BRDA:217,27,1,3
BRDA:217,28,0,3
BRDA:217,28,1,3
BRDA:219,29,0,3
BRDA:219,29,1,3
BRDA:220,30,0,3
BRDA:220,30,1,0
BRDA:220,31,0,3
BRDA:220,31,1,3
BRDA:227,32,0,1
BRDA:227,32,1,0
BRDA:227,33,0,1
BRDA:227,33,1,1
BRDA:229,34,0,1
BRDA:229,34,1,0
BRDA:231,35,0,1
BRDA:231,35,1,0
BRDA:233,36,0,1
BRDA:233,36,1,0
BRDA:246,37,0,1
BRDA:246,37,1,0
BRDA:264,38,0,1
BRDA:264,38,1,0
BRDA:280,39,0,0
BRDA:289,40,0,0
BRDA:298,41,0,1
BRF:73
BRH:49
end_of_record
TN:
SF:src/utils/validation.ts
FN:3,(anonymous_2)
FN:9,(anonymous_3)
FN:14,(anonymous_4)
FN:18,(anonymous_5)
FN:23,(anonymous_6)
FN:31,(anonymous_7)
FN:64,(anonymous_8)
FN:81,(anonymous_9)
FN:87,(anonymous_10)
FN:101,(anonymous_11)
FNF:10
FNH:10
FNDA:18,(anonymous_2)
FNDA:11,(anonymous_3)
FNDA:18,(anonymous_4)
FNDA:18,(anonymous_5)
FNDA:4,(anonymous_6)
FNDA:11,(anonymous_7)
FNDA:24,(anonymous_8)
FNDA:6,(anonymous_9)
FNDA:31,(anonymous_10)
FNDA:15,(anonymous_11)
DA:3,4
DA:5,18
DA:6,18
DA:9,4
DA:10,11
DA:11,11
DA:14,4
DA:15,18
DA:18,4
DA:19,18
DA:20,18
DA:23,4
DA:24,4
DA:31,4
DA:34,11
DA:35,11
DA:36,2
DA:40,11
DA:41,1
DA:43,11
DA:44,1
DA:46,11
DA:47,1
DA:49,11
DA:53,1
DA:55,11
DA:59,1
DA:61,11
DA:64,4
DA:65,24
DA:66,24
DA:67,3
DA:69,24
DA:70,1
DA:72,24
DA:76,1
DA:78,24
DA:81,9
DA:82,6
DA:83,6
DA:84,6
DA:87,4
DA:88,31
DA:89,3
DA:92,28
DA:96,1
DA:98,28
DA:101,4
DA:102,15
DA:103,11
DA:104,11
DA:105,5
DA:106,5
DA:108,11
DA:109,2
DA:111,11
DA:112,2
DA:117,11
LF:58
LH:58
BRDA:15,0,0,18
BRDA:15,0,1,14
BRDA:15,0,2,12
BRDA:35,1,0,2
BRDA:35,2,0,11
BRDA:35,2,1,10
BRDA:40,3,0,1
BRDA:40,4,0,11
BRDA:40,4,1,11
BRDA:43,5,0,1
BRDA:43,6,0,11
BRDA:43,6,1,11
BRDA:46,7,0,1
BRDA:46,8,0,11
BRDA:46,8,1,11
BRDA:49,9,0,1
BRDA:50,10,0,11
BRDA:50,10,1,11
BRDA:55,11,0,1
BRDA:56,12,0,11
BRDA:56,12,1,2
BRDA:66,13,0,3
BRDA:66,14,0,24
BRDA:66,14,1,21
BRDA:69,15,0,1
BRDA:69,16,0,24
BRDA:69,16,1,23
BRDA:72,17,0,1
BRDA:73,18,0,24
BRDA:73,18,1,24
BRDA:81,19,0,3
BRDA:88,20,0,3
BRDA:92,21,0,1
BRDA:93,22,0,28
BRDA:93,22,1,2
BRDA:102,23,0,4
BRDA:102,24,0,15
BRDA:102,24,1,13
BRDA:104,25,0,5
BRDA:108,26,0,2
BRDA:111,27,0,2
BRF:41
BRH:41
end_of_record
